{"G:\\project\\zlx-build\\src\\polyfill.js": {"path":"G:\\project\\zlx-build\\src\\polyfill.js","statementMap":{"0":{"start":{"line":1,"column":0},"end":{"line":null,"column":-1}},"1":{"start":{"line":2,"column":0},"end":{"line":null,"column":-1}}},"fnMap":{},"branchMap":{},"s":{"0":0,"1":0},"f":{},"b":{}}
,"G:\\project\\zlx-build\\src\\router.js": {"path":"G:\\project\\zlx-build\\src\\router.js","statementMap":{"0":{"start":{"line":1,"column":0},"end":{"line":null,"column":-1}},"1":{"start":{"line":2,"column":0},"end":{"line":null,"column":-1}},"2":{"start":{"line":3,"column":0},"end":{"line":null,"column":-1}},"3":{"start":{"line":4,"column":0},"end":{"line":null,"column":-1}},"4":{"start":{"line":5,"column":0},"end":{"line":null,"column":-1}},"5":{"start":{"line":10,"column":40},"end":{"line":10,"column":39}},"6":{"start":{"line":11,"column":23},"end":{"line":11,"column":4}},"7":{"start":{"line":12,"column":24},"end":{"line":12,"column":4}},"8":{"start":{"line":13,"column":24},"end":{"line":13,"column":4}},"9":{"start":{"line":14,"column":4},"end":{"line":null,"column":-1}},"10":{"start":{"line":21,"column":29},"end":{"line":null,"column":-1}}},"fnMap":{"0":{"name":"RouterConfig","decl":{"start":{"line":10,"column":9},"end":{"line":10,"column":0}},"loc":{"start":{"line":10,"column":40},"end":{"line":30,"column":1}}},"1":{"name":"render","decl":{"start":{"line":21,"column":29},"end":{"line":null,"column":-1}},"loc":{"start":{"line":21,"column":29},"end":{"line":19,"column":16}}}},"branchMap":{},"s":{"0":0,"1":0,"2":0,"3":0,"4":0,"5":0,"6":0,"7":0,"8":0,"9":0,"10":0},"f":{"0":0,"1":0},"b":{}}
,"G:\\project\\zlx-build\\src\\theme.js": {"path":"G:\\project\\zlx-build\\src\\theme.js","statementMap":{"0":{"start":{"line":1,"column":0},"end":{"line":null,"column":-1}}},"fnMap":{},"branchMap":{},"s":{"0":0},"f":{},"b":{}}
,"G:\\project\\zlx-build\\src\\common\\menu.js": {"path":"G:\\project\\zlx-build\\src\\common\\menu.js","statementMap":{"0":{"start":{"line":1,"column":17},"end":{"line":1,"column":0}},"1":{"start":{"line":50,"column":65},"end":{"line":50,"column":64}},"2":{"start":{"line":50,"column":65},"end":{"line":null,"column":-1}},"3":{"start":{"line":51,"column":4},"end":{"line":null,"column":-1}},"4":{"start":{"line":52,"column":14},"end":{"line":52,"column":8}},"5":{"start":{"line":57,"column":8},"end":{"line":59,"column":9}},"6":{"start":{"line":58,"column":12},"end":{"line":null,"column":-1}},"7":{"start":{"line":60,"column":8},"end":{"line":null,"column":-1}},"8":{"start":{"line":64,"column":13},"end":{"line":64,"column":7}},"9":{"start":{"line":64,"column":27},"end":{"line":null,"column":-1}}},"fnMap":{"0":{"name":"formatter","decl":{"start":{"line":50,"column":9},"end":{"line":50,"column":0}},"loc":{"start":{"line":50,"column":65},"end":{"line":62,"column":1}}},"1":{"name":"(anonymous_2)","decl":{"start":{"line":51,"column":20},"end":{"line":51,"column":27}},"loc":{"start":{"line":51,"column":28},"end":{"line":51,"column":11}}},"2":{"name":"getMenuData","decl":{"start":{"line":64,"column":13},"end":{"line":64,"column":27}},"loc":{"start":{"line":64,"column":27},"end":{"line":64,"column":7}}}},"branchMap":{"0":{"loc":{"start":{"line":50,"column":65},"end":{"line":50,"column":37}},"type":"cond-expr","locations":[{"start":{"line":50,"column":65},"end":{"line":50,"column":37}},{"start":{"line":50,"column":38},"end":{"line":50,"column":65}}]},"1":{"loc":{"start":{"line":50,"column":65},"end":{"line":50,"column":37}},"type":"binary-expr","locations":[{"start":{"line":50,"column":65},"end":{"line":50,"column":37}},{"start":{"line":50,"column":65},"end":{"line":50,"column":37}}]},"2":{"loc":{"start":{"line":54,"column":23},"end":{"line":54,"column":22}},"type":"binary-expr","locations":[{"start":{"line":54,"column":23},"end":{"line":54,"column":22}},{"start":{"line":54,"column":41},"end":{"line":52,"column":14}}]},"3":{"loc":{"start":{"line":57,"column":8},"end":{"line":59,"column":9}},"type":"if","locations":[{"start":{"line":57,"column":8},"end":{"line":59,"column":9}},{"start":{"line":57,"column":8},"end":{"line":59,"column":9}}]}},"s":{"0":0,"1":0,"2":0,"3":0,"4":0,"5":0,"6":0,"7":0,"8":0,"9":0},"f":{"0":0,"1":0,"2":0},"b":{"0":[0,0],"1":[0,0],"2":[0,0],"3":[0,0]}}
,"G:\\project\\zlx-build\\src\\components\\Authorized\\Authorized.js": {"path":"G:\\project\\zlx-build\\src\\components\\Authorized\\Authorized.js","statementMap":{"0":{"start":{"line":1,"column":0},"end":{"line":null,"column":-1}},"1":{"start":{"line":2,"column":0},"end":{"line":null,"column":-1}},"2":{"start":{"line":6,"column":56},"end":{"line":5,"column":13}},"3":{"start":{"line":5,"column":13},"end":{"line":5,"column":12}},"4":{"start":{"line":5,"column":13},"end":{"line":null,"column":-1}},"5":{"start":{"line":7,"column":31},"end":{"line":7,"column":8}},"6":{"start":{"line":8,"column":8},"end":{"line":null,"column":-1}}},"fnMap":{},"branchMap":{"0":{"loc":{"start":{"line":6,"column":47},"end":{"line":5,"column":13}},"type":"cond-expr","locations":[{"start":{"line":6,"column":47},"end":{"line":5,"column":13}},{"start":{"line":5,"column":13},"end":{"line":null,"column":-1}}]},"1":{"loc":{"start":{"line":7,"column":65},"end":{"line":7,"column":31}},"type":"cond-expr","locations":[{"start":{"line":7,"column":65},"end":{"line":7,"column":31}},{"start":{"line":7,"column":72},"end":{"line":7,"column":8}}]}},"s":{"0":0,"1":0,"2":0,"3":0,"4":0,"5":0,"6":0},"f":{},"b":{"0":[0,0],"1":[0,0]}}
,"G:\\project\\zlx-build\\src\\components\\Authorized\\AuthorizedRoute.js": {"path":"G:\\project\\zlx-build\\src\\components\\Authorized\\AuthorizedRoute.js","statementMap":{"0":{"start":{"line":1,"column":0},"end":{"line":null,"column":-1}},"1":{"start":{"line":2,"column":0},"end":{"line":null,"column":-1}},"2":{"start":{"line":3,"column":0},"end":{"line":null,"column":-1}},"3":{"start":{"line":7,"column":83},"end":{"line":6,"column":13}},"4":{"start":{"line":6,"column":13},"end":{"line":6,"column":12}},"5":{"start":{"line":6,"column":13},"end":{"line":null,"column":-1}},"6":{"start":{"line":8,"column":8},"end":{"line":null,"column":-1}},"7":{"start":{"line":11,"column":54},"end":{"line":null,"column":-1}},"8":{"start":{"line":13,"column":44},"end":{"line":null,"column":-1}}},"fnMap":{"0":{"name":"render","decl":{"start":{"line":11,"column":54},"end":{"line":null,"column":-1}},"loc":{"start":{"line":11,"column":54},"end":{"line":11,"column":26}}},"1":{"name":"render","decl":{"start":{"line":13,"column":44},"end":{"line":null,"column":-1}},"loc":{"start":{"line":13,"column":44},"end":{"line":13,"column":16}}}},"branchMap":{"0":{"loc":{"start":{"line":13,"column":66},"end":{"line":13,"column":54}},"type":"cond-expr","locations":[{"start":{"line":13,"column":66},"end":{"line":13,"column":54}},{"start":{"line":13,"column":94},"end":{"line":13,"column":44}}]}},"s":{"0":0,"1":0,"2":0,"3":0,"4":0,"5":0,"6":0,"7":0,"8":0},"f":{"0":0,"1":0},"b":{"0":[0,0]}}
,"G:\\project\\zlx-build\\src\\components\\Authorized\\CheckPermissions.js": {"path":"G:\\project\\zlx-build\\src\\components\\Authorized\\CheckPermissions.js","statementMap":{"0":{"start":{"line":1,"column":0},"end":{"line":null,"column":-1}},"1":{"start":{"line":2,"column":0},"end":{"line":null,"column":-1}},"2":{"start":{"line":3,"column":0},"end":{"line":null,"column":-1}},"3":{"start":{"line":4,"column":0},"end":{"line":null,"column":-1}},"4":{"start":{"line":15,"column":25},"end":{"line":15,"column":0}},"5":{"start":{"line":17,"column":4},"end":{"line":19,"column":5}},"6":{"start":{"line":18,"column":8},"end":{"line":null,"column":-1}},"7":{"start":{"line":22,"column":4},"end":{"line":35,"column":5}},"8":{"start":{"line":23,"column":8},"end":{"line":25,"column":9}},"9":{"start":{"line":24,"column":12},"end":{"line":null,"column":-1}},"10":{"start":{"line":26,"column":8},"end":{"line":33,"column":9}},"11":{"start":{"line":27,"column":12},"end":{"line":32,"column":13}},"12":{"start":{"line":28,"column":27},"end":{"line":28,"column":16}},"13":{"start":{"line":29,"column":16},"end":{"line":31,"column":17}},"14":{"start":{"line":30,"column":20},"end":{"line":null,"column":-1}},"15":{"start":{"line":34,"column":8},"end":{"line":null,"column":-1}},"16":{"start":{"line":38,"column":4},"end":{"line":51,"column":5}},"17":{"start":{"line":39,"column":8},"end":{"line":41,"column":9}},"18":{"start":{"line":40,"column":12},"end":{"line":null,"column":-1}},"19":{"start":{"line":42,"column":8},"end":{"line":49,"column":9}},"20":{"start":{"line":43,"column":12},"end":{"line":48,"column":13}},"21":{"start":{"line":44,"column":27},"end":{"line":44,"column":16}},"22":{"start":{"line":45,"column":16},"end":{"line":47,"column":17}},"23":{"start":{"line":46,"column":20},"end":{"line":null,"column":-1}},"24":{"start":{"line":50,"column":8},"end":{"line":null,"column":-1}},"25":{"start":{"line":54,"column":4},"end":{"line":56,"column":5}},"26":{"start":{"line":55,"column":8},"end":{"line":null,"column":-1}},"27":{"start":{"line":59,"column":4},"end":{"line":72,"column":5}},"28":{"start":{"line":60,"column":8},"end":{"line":71,"column":9}},"29":{"start":{"line":61,"column":23},"end":{"line":61,"column":12}},"30":{"start":{"line":62,"column":12},"end":{"line":64,"column":13}},"31":{"start":{"line":63,"column":16},"end":{"line":null,"column":-1}},"32":{"start":{"line":65,"column":12},"end":{"line":67,"column":13}},"33":{"start":{"line":66,"column":16},"end":{"line":null,"column":-1}},"34":{"start":{"line":68,"column":12},"end":{"line":null,"column":-1}},"35":{"start":{"line":70,"column":12},"end":{"line":null,"column":-1}},"36":{"start":{"line":75,"column":14},"end":{"line":75,"column":0}},"37":{"start":{"line":76,"column":4},"end":{"line":null,"column":-1}}},"fnMap":{"0":{"name":"checkPermissions","decl":{"start":{"line":15,"column":6},"end":{"line":15,"column":25}},"loc":{"start":{"line":15,"column":77},"end":{"line":15,"column":0}}},"1":{"name":"check","decl":{"start":{"line":75,"column":6},"end":{"line":75,"column":14}},"loc":{"start":{"line":75,"column":48},"end":{"line":75,"column":0}}}},"branchMap":{"0":{"loc":{"start":{"line":17,"column":4},"end":{"line":19,"column":5}},"type":"if","locations":[{"start":{"line":17,"column":4},"end":{"line":19,"column":5}},{"start":{"line":17,"column":4},"end":{"line":19,"column":5}}]},"1":{"loc":{"start":{"line":22,"column":4},"end":{"line":35,"column":5}},"type":"if","locations":[{"start":{"line":22,"column":4},"end":{"line":35,"column":5}},{"start":{"line":22,"column":4},"end":{"line":35,"column":5}}]},"2":{"loc":{"start":{"line":23,"column":8},"end":{"line":25,"column":9}},"type":"if","locations":[{"start":{"line":23,"column":8},"end":{"line":25,"column":9}},{"start":{"line":23,"column":8},"end":{"line":25,"column":9}}]},"3":{"loc":{"start":{"line":26,"column":8},"end":{"line":33,"column":9}},"type":"if","locations":[{"start":{"line":26,"column":8},"end":{"line":33,"column":9}},{"start":{"line":26,"column":8},"end":{"line":33,"column":9}}]},"4":{"loc":{"start":{"line":29,"column":16},"end":{"line":31,"column":17}},"type":"if","locations":[{"start":{"line":29,"column":16},"end":{"line":31,"column":17}},{"start":{"line":29,"column":16},"end":{"line":31,"column":17}}]},"5":{"loc":{"start":{"line":38,"column":4},"end":{"line":51,"column":5}},"type":"if","locations":[{"start":{"line":38,"column":4},"end":{"line":51,"column":5}},{"start":{"line":38,"column":4},"end":{"line":51,"column":5}}]},"6":{"loc":{"start":{"line":39,"column":8},"end":{"line":41,"column":9}},"type":"if","locations":[{"start":{"line":39,"column":8},"end":{"line":41,"column":9}},{"start":{"line":39,"column":8},"end":{"line":41,"column":9}}]},"7":{"loc":{"start":{"line":42,"column":8},"end":{"line":49,"column":9}},"type":"if","locations":[{"start":{"line":42,"column":8},"end":{"line":49,"column":9}},{"start":{"line":42,"column":8},"end":{"line":49,"column":9}}]},"8":{"loc":{"start":{"line":45,"column":16},"end":{"line":47,"column":17}},"type":"if","locations":[{"start":{"line":45,"column":16},"end":{"line":47,"column":17}},{"start":{"line":45,"column":16},"end":{"line":47,"column":17}}]},"9":{"loc":{"start":{"line":54,"column":4},"end":{"line":56,"column":5}},"type":"if","locations":[{"start":{"line":54,"column":4},"end":{"line":56,"column":5}},{"start":{"line":54,"column":4},"end":{"line":56,"column":5}}]},"10":{"loc":{"start":{"line":59,"column":4},"end":{"line":72,"column":5}},"type":"if","locations":[{"start":{"line":59,"column":4},"end":{"line":72,"column":5}},{"start":{"line":59,"column":4},"end":{"line":72,"column":5}}]},"11":{"loc":{"start":{"line":62,"column":12},"end":{"line":64,"column":13}},"type":"if","locations":[{"start":{"line":62,"column":12},"end":{"line":64,"column":13}},{"start":{"line":62,"column":12},"end":{"line":64,"column":13}}]},"12":{"loc":{"start":{"line":65,"column":12},"end":{"line":67,"column":13}},"type":"if","locations":[{"start":{"line":65,"column":12},"end":{"line":67,"column":13}},{"start":{"line":65,"column":12},"end":{"line":67,"column":13}}]}},"s":{"0":0,"1":0,"2":0,"3":0,"4":0,"5":0,"6":0,"7":0,"8":0,"9":0,"10":0,"11":0,"12":0,"13":0,"14":0,"15":0,"16":0,"17":0,"18":0,"19":0,"20":0,"21":0,"22":0,"23":0,"24":0,"25":0,"26":0,"27":0,"28":0,"29":0,"30":0,"31":0,"32":0,"33":0,"34":0,"35":0,"36":0,"37":0},"f":{"0":0,"1":0},"b":{"0":[0,0],"1":[0,0],"2":[0,0],"3":[0,0],"4":[0,0],"5":[0,0],"6":[0,0],"7":[0,0],"8":[0,0],"9":[0,0],"10":[0,0],"11":[0,0],"12":[0,0]}}
,"G:\\project\\zlx-build\\src\\components\\Authorized\\PromiseRender.js": {"path":"G:\\project\\zlx-build\\src\\components\\Authorized\\PromiseRender.js","statementMap":{"0":{"start":{"line":1,"column":0},"end":{"line":null,"column":-1}},"1":{"start":{"line":2,"column":0},"end":{"line":null,"column":-1}},"2":{"start":{"line":10,"column":8},"end":{"line":null,"column":-1}},"3":{"start":{"line":14,"column":8},"end":{"line":null,"column":-1}},"4":{"start":{"line":17,"column":30},"end":{"line":null,"column":-1}},"5":{"start":{"line":18,"column":19},"end":{"line":18,"column":8}},"6":{"start":{"line":19,"column":22},"end":{"line":19,"column":8}},"7":{"start":{"line":20,"column":8},"end":{"line":null,"column":-1}},"8":{"start":{"line":21,"column":12},"end":{"line":null,"column":-1}},"9":{"start":{"line":23,"column":12},"end":{"line":null,"column":-1}},"10":{"start":{"line":28,"column":8},"end":{"line":30,"column":9}},"11":{"start":{"line":29,"column":12},"end":{"line":null,"column":-1}},"12":{"start":{"line":31,"column":8},"end":{"line":null,"column":-1}},"13":{"start":{"line":31,"column":15},"end":{"line":null,"column":-1}},"14":{"start":{"line":35,"column":41},"end":{"line":34,"column":13}},"15":{"start":{"line":36,"column":8},"end":{"line":38,"column":9}},"16":{"start":{"line":37,"column":12},"end":{"line":null,"column":-1}},"17":{"start":{"line":39,"column":8},"end":{"line":null,"column":-1}}},"fnMap":{"0":{"name":"(anonymous_12)","decl":{"start":{"line":20,"column":27},"end":{"line":20,"column":32}},"loc":{"start":{"line":20,"column":33},"end":{"line":20,"column":8}}},"1":{"name":"(anonymous_13)","decl":{"start":{"line":22,"column":17},"end":{"line":22,"column":22}},"loc":{"start":{"line":22,"column":23},"end":{"line":20,"column":8}}},"2":{"name":"(anonymous_15)","decl":{"start":{"line":31,"column":15},"end":{"line":null,"column":-1}},"loc":{"start":{"line":31,"column":15},"end":{"line":31,"column":8}}}},"branchMap":{"0":{"loc":{"start":{"line":28,"column":8},"end":{"line":30,"column":9}},"type":"if","locations":[{"start":{"line":28,"column":8},"end":{"line":30,"column":9}},{"start":{"line":28,"column":8},"end":{"line":30,"column":9}}]},"1":{"loc":{"start":{"line":36,"column":8},"end":{"line":38,"column":9}},"type":"if","locations":[{"start":{"line":36,"column":8},"end":{"line":38,"column":9}},{"start":{"line":36,"column":8},"end":{"line":38,"column":9}}]}},"s":{"0":0,"1":0,"2":0,"3":0,"4":0,"5":0,"6":0,"7":0,"8":0,"9":0,"10":0,"11":0,"12":0,"13":0,"14":0,"15":0,"16":0,"17":0},"f":{"0":0,"1":0,"2":0},"b":{"0":[0,0],"1":[0,0]}}
,"G:\\project\\zlx-build\\src\\components\\Authorized\\Secured.js": {"path":"G:\\project\\zlx-build\\src\\components\\Authorized\\Secured.js","statementMap":{"0":{"start":{"line":1,"column":0},"end":{"line":null,"column":-1}},"1":{"start":{"line":2,"column":0},"end":{"line":null,"column":-1}},"2":{"start":{"line":3,"column":0},"end":{"line":null,"column":-1}},"3":{"start":{"line":5,"column":21},"end":{"line":5,"column":0}},"4":{"start":{"line":5,"column":21},"end":{"line":null,"column":-1}},"5":{"start":{"line":7,"column":29},"end":{"line":7,"column":0}},"6":{"start":{"line":8,"column":4},"end":{"line":10,"column":5}},"7":{"start":{"line":9,"column":8},"end":{"line":null,"column":-1}},"8":{"start":{"line":11,"column":4},"end":{"line":null,"column":-1}},"9":{"start":{"line":11,"column":11},"end":{"line":null,"column":-1}},"10":{"start":{"line":19,"column":18},"end":{"line":19,"column":0}},"11":{"start":{"line":20,"column":21},"end":{"line":20,"column":4}},"12":{"start":{"line":21,"column":4},"end":{"line":23,"column":5}},"13":{"start":{"line":22,"column":8},"end":{"line":null,"column":-1}},"14":{"start":{"line":22,"column":21},"end":{"line":null,"column":-1}},"15":{"start":{"line":24,"column":4},"end":{"line":26,"column":5}},"16":{"start":{"line":25,"column":8},"end":{"line":null,"column":-1}},"17":{"start":{"line":27,"column":4},"end":{"line":null,"column":-1}},"18":{"start":{"line":28,"column":26},"end":{"line":28,"column":8}},"19":{"start":{"line":29,"column":8},"end":{"line":null,"column":-1}}},"fnMap":{"0":{"name":"Exception403","decl":{"start":{"line":5,"column":6},"end":{"line":5,"column":21}},"loc":{"start":{"line":5,"column":21},"end":{"line":5,"column":0}}},"1":{"name":"checkIsInstantiation","decl":{"start":{"line":7,"column":6},"end":{"line":7,"column":29}},"loc":{"start":{"line":7,"column":39},"end":{"line":7,"column":0}}},"2":{"name":"(anonymous_3)","decl":{"start":{"line":11,"column":11},"end":{"line":null,"column":-1}},"loc":{"start":{"line":11,"column":11},"end":{"line":11,"column":4}}},"3":{"name":"authorize","decl":{"start":{"line":19,"column":6},"end":{"line":19,"column":18}},"loc":{"start":{"line":19,"column":40},"end":{"line":19,"column":0}}},"4":{"name":"classError","decl":{"start":{"line":22,"column":21},"end":{"line":null,"column":-1}},"loc":{"start":{"line":22,"column":21},"end":{"line":22,"column":8}}},"5":{"name":"decideAuthority","decl":{"start":{"line":27,"column":20},"end":{"line":27,"column":11}},"loc":{"start":{"line":27,"column":44},"end":{"line":27,"column":4}}}},"branchMap":{"0":{"loc":{"start":{"line":8,"column":4},"end":{"line":10,"column":5}},"type":"if","locations":[{"start":{"line":8,"column":4},"end":{"line":10,"column":5}},{"start":{"line":8,"column":4},"end":{"line":10,"column":5}}]},"1":{"loc":{"start":{"line":21,"column":4},"end":{"line":23,"column":5}},"type":"if","locations":[{"start":{"line":21,"column":4},"end":{"line":23,"column":5}},{"start":{"line":21,"column":4},"end":{"line":23,"column":5}}]},"2":{"loc":{"start":{"line":24,"column":4},"end":{"line":26,"column":5}},"type":"if","locations":[{"start":{"line":24,"column":4},"end":{"line":26,"column":5}},{"start":{"line":24,"column":4},"end":{"line":26,"column":5}}]},"3":{"loc":{"start":{"line":28,"column":62},"end":{"line":28,"column":75}},"type":"binary-expr","locations":[{"start":{"line":28,"column":62},"end":{"line":28,"column":75}},{"start":{"line":28,"column":76},"end":{"line":28,"column":26}}]}},"s":{"0":0,"1":0,"2":0,"3":0,"4":0,"5":0,"6":0,"7":0,"8":0,"9":0,"10":0,"11":0,"12":0,"13":0,"14":0,"15":0,"16":0,"17":0,"18":0,"19":0},"f":{"0":0,"1":0,"2":0,"3":0,"4":0,"5":0},"b":{"0":[0,0],"1":[0,0],"2":[0,0],"3":[0,0]}}
,"G:\\project\\zlx-build\\src\\components\\Authorized\\index.js": {"path":"G:\\project\\zlx-build\\src\\components\\Authorized\\index.js","statementMap":{"0":{"start":{"line":1,"column":0},"end":{"line":null,"column":-1}},"1":{"start":{"line":2,"column":0},"end":{"line":null,"column":-1}},"2":{"start":{"line":4,"column":0},"end":{"line":null,"column":-1}},"3":{"start":{"line":5,"column":0},"end":{"line":null,"column":-1}},"4":{"start":{"line":6,"column":0},"end":{"line":null,"column":-1}},"5":{"start":{"line":8,"column":0},"end":{"line":null,"column":-1}},"6":{"start":{"line":9,"column":0},"end":{"line":null,"column":-1}},"7":{"start":{"line":10,"column":0},"end":{"line":null,"column":-1}}},"fnMap":{},"branchMap":{},"s":{"0":0,"1":0,"2":0,"3":0,"4":0,"5":0,"6":0,"7":0},"f":{},"b":{}}
,"G:\\project\\zlx-build\\src\\components\\Authorized\\renderAuthorize.js": {"path":"G:\\project\\zlx-build\\src\\components\\Authorized\\renderAuthorize.js","statementMap":{"0":{"start":{"line":1,"column":14},"end":{"line":1,"column":0}},"1":{"start":{"line":3,"column":24},"end":{"line":3,"column":0}},"2":{"start":{"line":4,"column":4},"end":{"line":null,"column":-1}},"3":{"start":{"line":5,"column":8},"end":{"line":14,"column":9}},"4":{"start":{"line":6,"column":12},"end":{"line":8,"column":13}},"5":{"start":{"line":7,"column":16},"end":{"line":null,"column":-1}},"6":{"start":{"line":9,"column":12},"end":{"line":11,"column":13}},"7":{"start":{"line":10,"column":16},"end":{"line":null,"column":-1}},"8":{"start":{"line":13,"column":12},"end":{"line":null,"column":-1}},"9":{"start":{"line":15,"column":8},"end":{"line":null,"column":-1}},"10":{"start":{"line":20,"column":15},"end":{"line":null,"column":-1}}},"fnMap":{"0":{"name":"renderAuthorize","decl":{"start":{"line":3,"column":6},"end":{"line":3,"column":24}},"loc":{"start":{"line":3,"column":38},"end":{"line":3,"column":0}}},"1":{"name":"(anonymous_1)","decl":{"start":{"line":4,"column":11},"end":{"line":4,"column":30}},"loc":{"start":{"line":4,"column":31},"end":{"line":4,"column":4}}}},"branchMap":{"0":{"loc":{"start":{"line":5,"column":8},"end":{"line":14,"column":9}},"type":"if","locations":[{"start":{"line":5,"column":8},"end":{"line":14,"column":9}},{"start":{"line":5,"column":8},"end":{"line":14,"column":9}}]},"1":{"loc":{"start":{"line":6,"column":12},"end":{"line":8,"column":13}},"type":"if","locations":[{"start":{"line":6,"column":12},"end":{"line":8,"column":13}},{"start":{"line":6,"column":12},"end":{"line":8,"column":13}}]},"2":{"loc":{"start":{"line":9,"column":12},"end":{"line":11,"column":13}},"type":"if","locations":[{"start":{"line":9,"column":12},"end":{"line":11,"column":13}},{"start":{"line":9,"column":12},"end":{"line":11,"column":13}}]},"3":{"loc":{"start":{"line":9,"column":15},"end":{"line":9,"column":14}},"type":"binary-expr","locations":[{"start":{"line":9,"column":15},"end":{"line":9,"column":14}},{"start":{"line":9,"column":65},"end":{"line":9,"column":12}}]}},"s":{"0":0,"1":0,"2":0,"3":0,"4":0,"5":0,"6":0,"7":0,"8":0,"9":0,"10":0},"f":{"0":0,"1":0},"b":{"0":[0,0],"1":[0,0],"2":[0,0],"3":[0,0]}}
,"G:\\project\\zlx-build\\src\\components\\Exception\\index.js": {"path":"G:\\project\\zlx-build\\src\\components\\Exception\\index.js","statementMap":{"0":{"start":{"line":1,"column":0},"end":{"line":null,"column":-1}},"1":{"start":{"line":2,"column":0},"end":{"line":null,"column":-1}},"2":{"start":{"line":3,"column":0},"end":{"line":null,"column":-1}},"3":{"start":{"line":4,"column":0},"end":{"line":null,"column":-1}},"4":{"start":{"line":5,"column":0},"end":{"line":null,"column":-1}},"5":{"start":{"line":7,"column":18},"end":{"line":7,"column":0}},"6":{"start":{"line":7,"column":98},"end":{"line":7,"column":97}},"7":{"start":{"line":7,"column":98},"end":{"line":null,"column":-1}},"8":{"start":{"line":8,"column":21},"end":{"line":8,"column":4}},"9":{"start":{"line":9,"column":22},"end":{"line":9,"column":4}},"10":{"start":{"line":10,"column":4},"end":{"line":null,"column":-1}}},"fnMap":{"0":{"name":"Exception","decl":{"start":{"line":7,"column":6},"end":{"line":7,"column":18}},"loc":{"start":{"line":7,"column":98},"end":{"line":7,"column":0}}}},"branchMap":{"0":{"loc":{"start":{"line":7,"column":46},"end":{"line":7,"column":98}},"type":"cond-expr","locations":[{"start":{"line":7,"column":46},"end":{"line":7,"column":98}},{"start":{"line":7,"column":98},"end":{"line":null,"column":-1}}]},"1":{"loc":{"start":{"line":8,"column":38},"end":{"line":8,"column":21}},"type":"cond-expr","locations":[{"start":{"line":8,"column":38},"end":{"line":8,"column":21}},{"start":{"line":8,"column":45},"end":{"line":8,"column":4}}]},"2":{"loc":{"start":{"line":15,"column":53},"end":{"line":15,"column":59}},"type":"binary-expr","locations":[{"start":{"line":15,"column":53},"end":{"line":15,"column":59}},{"start":{"line":15,"column":60},"end":{"line":15,"column":29}}]},"3":{"loc":{"start":{"line":19,"column":21},"end":{"line":19,"column":29}},"type":"binary-expr","locations":[{"start":{"line":19,"column":21},"end":{"line":19,"column":29}},{"start":{"line":19,"column":30},"end":{"line":19,"column":47}}]},"4":{"loc":{"start":{"line":20,"column":46},"end":{"line":20,"column":53}},"type":"binary-expr","locations":[{"start":{"line":20,"column":46},"end":{"line":20,"column":53}},{"start":{"line":20,"column":54},"end":{"line":20,"column":71}}]},"5":{"loc":{"start":{"line":22,"column":17},"end":{"line":23,"column":19}},"type":"binary-expr","locations":[{"start":{"line":22,"column":17},"end":{"line":23,"column":19}},{"start":{"line":23,"column":20},"end":{"line":null,"column":-1}}]}},"s":{"0":0,"1":0,"2":0,"3":0,"4":0,"5":0,"6":0,"7":0,"8":0,"9":0,"10":0},"f":{"0":0},"b":{"0":[0,0],"1":[0,0],"2":[0,0],"3":[0,0],"4":[0,0],"5":[0,0]}}
,"G:\\project\\zlx-build\\src\\components\\Exception\\typeConfig.js": {"path":"G:\\project\\zlx-build\\src\\components\\Exception\\typeConfig.js","statementMap":{"0":{"start":{"line":1,"column":15},"end":{"line":1,"column":0}}},"fnMap":{},"branchMap":{},"s":{"0":0},"f":{},"b":{}}
,"G:\\project\\zlx-build\\src\\components\\GlobalHeader\\index.js": {"path":"G:\\project\\zlx-build\\src\\components\\GlobalHeader\\index.js","statementMap":{"0":{"start":{"line":1,"column":0},"end":{"line":null,"column":-1}},"1":{"start":{"line":2,"column":0},"end":{"line":null,"column":-1}},"2":{"start":{"line":3,"column":0},"end":{"line":null,"column":-1}},"3":{"start":{"line":4,"column":0},"end":{"line":null,"column":-1}},"4":{"start":{"line":5,"column":0},"end":{"line":null,"column":-1}},"5":{"start":{"line":77,"column":42},"end":{"line":76,"column":19}},"6":{"start":{"line":76,"column":19},"end":{"line":76,"column":18}},"7":{"start":{"line":78,"column":8},"end":{"line":null,"column":-1}},"8":{"start":{"line":9,"column":56},"end":{"line":8,"column":13}},"9":{"start":{"line":8,"column":13},"end":{"line":8,"column":12}},"10":{"start":{"line":12,"column":12},"end":{"line":11,"column":8}},"11":{"start":{"line":29,"column":8},"end":{"line":null,"column":-1}},"12":{"start":{"line":48,"column":28},"end":{"line":47,"column":57}},"13":{"start":{"line":51,"column":28},"end":{"line":null,"column":-1}},"14":{"start":{"line":54,"column":28},"end":{"line":null,"column":-1}}},"fnMap":{"0":{"name":"onItemClick","decl":{"start":{"line":47,"column":37},"end":{"line":47,"column":37}},"loc":{"start":{"line":47,"column":57},"end":{"line":44,"column":20}}},"1":{"name":"onClear","decl":{"start":{"line":50,"column":33},"end":{"line":50,"column":38}},"loc":{"start":{"line":50,"column":39},"end":{"line":44,"column":20}}},"2":{"name":"onPopupVisibleChange","decl":{"start":{"line":53,"column":46},"end":{"line":53,"column":51}},"loc":{"start":{"line":53,"column":52},"end":{"line":44,"column":20}}}},"branchMap":{"0":{"loc":{"start":{"line":32,"column":39},"end":{"line":32,"column":27}},"type":"cond-expr","locations":[{"start":{"line":32,"column":39},"end":{"line":32,"column":27}},{"start":{"line":32,"column":55},"end":{"line":31,"column":16}}]},"1":{"loc":{"start":{"line":62,"column":24},"end":{"line":61,"column":22}},"type":"cond-expr","locations":[{"start":{"line":62,"column":24},"end":{"line":61,"column":22}},{"start":{"line":69,"column":24},"end":{"line":null,"column":-1}}]}},"s":{"0":0,"1":0,"2":0,"3":0,"4":0,"5":0,"6":0,"7":0,"8":0,"9":0,"10":0,"11":0,"12":0,"13":0,"14":0},"f":{"0":0,"1":0,"2":0},"b":{"0":[0,0],"1":[0,0]}}
,"G:\\project\\zlx-build\\src\\components\\NoticeIcon\\index.js": {"path":"G:\\project\\zlx-build\\src\\components\\NoticeIcon\\index.js","statementMap":{"0":{"start":{"line":1,"column":0},"end":{"line":null,"column":-1}},"1":{"start":{"line":2,"column":0},"end":{"line":null,"column":-1}},"2":{"start":{"line":3,"column":0},"end":{"line":null,"column":-1}},"3":{"start":{"line":4,"column":0},"end":{"line":null,"column":-1}},"4":{"start":{"line":8,"column":78},"end":{"line":7,"column":13}},"5":{"start":{"line":7,"column":13},"end":{"line":7,"column":12}},"6":{"start":{"line":10,"column":29},"end":{"line":10,"column":8}},"7":{"start":{"line":11,"column":8},"end":{"line":13,"column":9}},"8":{"start":{"line":12,"column":12},"end":{"line":null,"column":-1}},"9":{"start":{"line":14,"column":8},"end":{"line":null,"column":-1}}},"fnMap":{},"branchMap":{"0":{"loc":{"start":{"line":11,"column":8},"end":{"line":13,"column":9}},"type":"if","locations":[{"start":{"line":11,"column":8},"end":{"line":13,"column":9}},{"start":{"line":11,"column":8},"end":{"line":13,"column":9}}]}},"s":{"0":0,"1":0,"2":0,"3":0,"4":0,"5":0,"6":0,"7":0,"8":0,"9":0},"f":{},"b":{"0":[0,0]}}
,"G:\\project\\zlx-build\\src\\components\\PageHeader\\index.js": {"path":"G:\\project\\zlx-build\\src\\components\\PageHeader\\index.js","statementMap":{"0":{"start":{"line":1,"column":0},"end":{"line":null,"column":-1}},"1":{"start":{"line":2,"column":0},"end":{"line":null,"column":-1}},"2":{"start":{"line":3,"column":0},"end":{"line":null,"column":-1}},"3":{"start":{"line":4,"column":0},"end":{"line":null,"column":-1}},"4":{"start":{"line":5,"column":0},"end":{"line":null,"column":-1}},"5":{"start":{"line":6,"column":0},"end":{"line":null,"column":-1}},"6":{"start":{"line":9,"column":21},"end":{"line":9,"column":4}},"7":{"start":{"line":10,"column":4},"end":{"line":16,"column":5}},"8":{"start":{"line":11,"column":8},"end":{"line":null,"column":-1}},"9":{"start":{"line":12,"column":12},"end":{"line":14,"column":13}},"10":{"start":{"line":13,"column":16},"end":{"line":null,"column":-1}},"11":{"start":{"line":17,"column":4},"end":{"line":null,"column":-1}},"12":{"start":{"line":46,"column":27},"end":{"line":46,"column":8}},"13":{"start":{"line":47,"column":8},"end":{"line":null,"column":-1}},"14":{"start":{"line":56,"column":56},"end":{"line":55,"column":37}},"15":{"start":{"line":55,"column":37},"end":{"line":55,"column":36}},"16":{"start":{"line":57,"column":70},"end":{"line":55,"column":37}},"17":{"start":{"line":60,"column":8},"end":{"line":62,"column":9}},"18":{"start":{"line":61,"column":12},"end":{"line":null,"column":-1}},"19":{"start":{"line":65,"column":8},"end":{"line":75,"column":9}},"20":{"start":{"line":66,"column":12},"end":{"line":null,"column":-1}},"21":{"start":{"line":69,"column":42},"end":{"line":null,"column":-1}},"22":{"start":{"line":78,"column":8},"end":{"line":80,"column":9}},"23":{"start":{"line":79,"column":12},"end":{"line":null,"column":-1}},"24":{"start":{"line":82,"column":8},"end":{"line":null,"column":-1}},"25":{"start":{"line":86,"column":59},"end":{"line":85,"column":68}},"26":{"start":{"line":85,"column":68},"end":{"line":85,"column":67}},"27":{"start":{"line":85,"column":68},"end":{"line":null,"column":-1}},"28":{"start":{"line":87,"column":29},"end":{"line":87,"column":8}},"29":{"start":{"line":89,"column":37},"end":{"line":89,"column":8}},"30":{"start":{"line":90,"column":38},"end":{"line":90,"column":12}},"31":{"start":{"line":91,"column":31},"end":{"line":91,"column":12}},"32":{"start":{"line":92,"column":12},"end":{"line":null,"column":-1}},"33":{"start":{"line":115,"column":8},"end":{"line":null,"column":-1}},"34":{"start":{"line":123,"column":64},"end":{"line":122,"column":31}},"35":{"start":{"line":122,"column":31},"end":{"line":122,"column":30}},"36":{"start":{"line":129,"column":12},"end":{"line":122,"column":31}},"37":{"start":{"line":130,"column":8},"end":{"line":null,"column":-1}},"38":{"start":{"line":139,"column":75},"end":{"line":138,"column":32}},"39":{"start":{"line":138,"column":32},"end":{"line":138,"column":31}},"40":{"start":{"line":138,"column":32},"end":{"line":null,"column":-1}},"41":{"start":{"line":140,"column":8},"end":{"line":null,"column":-1}},"42":{"start":{"line":142,"column":36},"end":{"line":null,"column":-1}},"43":{"start":{"line":160,"column":38},"end":{"line":159,"column":51}},"44":{"start":{"line":159,"column":51},"end":{"line":null,"column":-1}},"45":{"start":{"line":161,"column":21},"end":{"line":161,"column":8}},"46":{"start":{"line":162,"column":8},"end":{"line":null,"column":-1}},"47":{"start":{"line":33,"column":8},"end":{"line":null,"column":-1}},"48":{"start":{"line":37,"column":31},"end":{"line":36,"column":13}},"49":{"start":{"line":38,"column":8},"end":{"line":null,"column":-1}}},"fnMap":{"0":{"name":"getBreadcrumb","decl":{"start":{"line":8,"column":16},"end":{"line":8,"column":7}},"loc":{"start":{"line":8,"column":54},"end":{"line":18,"column":1}}},"1":{"name":"(anonymous_9)","decl":{"start":{"line":11,"column":47},"end":{"line":11,"column":54}},"loc":{"start":{"line":11,"column":55},"end":{"line":11,"column":8}}},"2":{"name":"(anonymous_14)","decl":{"start":{"line":69,"column":42},"end":{"line":null,"column":-1}},"loc":{"start":{"line":69,"column":42},"end":{"line":69,"column":28}}},"3":{"name":"(anonymous_16)","decl":{"start":{"line":89,"column":54},"end":{"line":89,"column":54}},"loc":{"start":{"line":89,"column":70},"end":{"line":89,"column":37}}},"4":{"name":"(anonymous_19)","decl":{"start":{"line":142,"column":36},"end":{"line":null,"column":-1}},"loc":{"start":{"line":142,"column":36},"end":{"line":142,"column":17}}}},"branchMap":{"0":{"loc":{"start":{"line":10,"column":4},"end":{"line":16,"column":5}},"type":"if","locations":[{"start":{"line":10,"column":4},"end":{"line":16,"column":5}},{"start":{"line":10,"column":4},"end":{"line":16,"column":5}}]},"1":{"loc":{"start":{"line":12,"column":12},"end":{"line":14,"column":13}},"type":"if","locations":[{"start":{"line":12,"column":12},"end":{"line":14,"column":13}},{"start":{"line":12,"column":12},"end":{"line":14,"column":13}}]},"2":{"loc":{"start":{"line":17,"column":11},"end":{"line":17,"column":24}},"type":"binary-expr","locations":[{"start":{"line":17,"column":11},"end":{"line":17,"column":24}},{"start":{"line":17,"column":25},"end":{"line":17,"column":4}}]},"3":{"loc":{"start":{"line":60,"column":8},"end":{"line":62,"column":9}},"type":"if","locations":[{"start":{"line":60,"column":8},"end":{"line":62,"column":9}},{"start":{"line":60,"column":8},"end":{"line":62,"column":9}}]},"4":{"loc":{"start":{"line":60,"column":12},"end":{"line":60,"column":29}},"type":"binary-expr","locations":[{"start":{"line":60,"column":12},"end":{"line":60,"column":29}},{"start":{"line":60,"column":30},"end":{"line":60,"column":8}}]},"5":{"loc":{"start":{"line":65,"column":8},"end":{"line":75,"column":9}},"type":"if","locations":[{"start":{"line":65,"column":8},"end":{"line":75,"column":9}},{"start":{"line":65,"column":8},"end":{"line":75,"column":9}}]},"6":{"loc":{"start":{"line":65,"column":12},"end":{"line":65,"column":21}},"type":"binary-expr","locations":[{"start":{"line":65,"column":12},"end":{"line":65,"column":21}},{"start":{"line":65,"column":22},"end":{"line":65,"column":8}}]},"7":{"loc":{"start":{"line":78,"column":8},"end":{"line":80,"column":9}},"type":"if","locations":[{"start":{"line":78,"column":8},"end":{"line":80,"column":9}},{"start":{"line":78,"column":8},"end":{"line":80,"column":9}}]},"8":{"loc":{"start":{"line":78,"column":12},"end":{"line":78,"column":29}},"type":"binary-expr","locations":[{"start":{"line":78,"column":12},"end":{"line":78,"column":29}},{"start":{"line":78,"column":30},"end":{"line":78,"column":8}}]},"9":{"loc":{"start":{"line":86,"column":51},"end":{"line":85,"column":68}},"type":"cond-expr","locations":[{"start":{"line":86,"column":51},"end":{"line":85,"column":68}},{"start":{"line":85,"column":68},"end":{"line":null,"column":-1}}]},"10":{"loc":{"start":{"line":91,"column":31},"end":{"line":91,"column":30}},"type":"binary-expr","locations":[{"start":{"line":91,"column":31},"end":{"line":91,"column":30}},{"start":{"line":91,"column":68},"end":{"line":91,"column":12}}]},"11":{"loc":{"start":{"line":93,"column":16},"end":{"line":92,"column":19}},"type":"cond-expr","locations":[{"start":{"line":93,"column":16},"end":{"line":92,"column":19}},{"start":{"line":100,"column":20},"end":{"line":92,"column":12}}]},"12":{"loc":{"start":{"line":92,"column":19},"end":{"line":92,"column":18}},"type":"binary-expr","locations":[{"start":{"line":92,"column":19},"end":{"line":92,"column":18}},{"start":{"line":92,"column":45},"end":{"line":92,"column":19}}]},"13":{"loc":{"start":{"line":95,"column":37},"end":{"line":95,"column":24}},"type":"cond-expr","locations":[{"start":{"line":95,"column":37},"end":{"line":95,"column":24}},{"start":{"line":95,"column":51},"end":{"line":94,"column":21}}]},"14":{"loc":{"start":{"line":96,"column":49},"end":{"line":96,"column":27}},"type":"cond-expr","locations":[{"start":{"line":96,"column":49},"end":{"line":96,"column":27}},{"start":{"line":96,"column":58},"end":{"line":94,"column":21}}]},"15":{"loc":{"start":{"line":131,"column":20},"end":{"line":131,"column":29}},"type":"binary-expr","locations":[{"start":{"line":131,"column":20},"end":{"line":131,"column":29}},{"start":{"line":131,"column":30},"end":{"line":130,"column":15}}]},"16":{"loc":{"start":{"line":132,"column":20},"end":{"line":132,"column":29}},"type":"binary-expr","locations":[{"start":{"line":132,"column":20},"end":{"line":132,"column":29}},{"start":{"line":132,"column":30},"end":{"line":130,"column":15}}]},"17":{"loc":{"start":{"line":133,"column":28},"end":{"line":133,"column":39}},"type":"binary-expr","locations":[{"start":{"line":133,"column":28},"end":{"line":133,"column":39}},{"start":{"line":133,"column":40},"end":{"line":130,"column":15}}]},"18":{"loc":{"start":{"line":134,"column":31},"end":{"line":134,"column":51}},"type":"binary-expr","locations":[{"start":{"line":134,"column":31},"end":{"line":134,"column":51}},{"start":{"line":134,"column":52},"end":{"line":null,"column":-1}}]},"19":{"loc":{"start":{"line":139,"column":67},"end":{"line":138,"column":32}},"type":"cond-expr","locations":[{"start":{"line":139,"column":67},"end":{"line":138,"column":32}},{"start":{"line":138,"column":32},"end":{"line":null,"column":-1}}]},"20":{"loc":{"start":{"line":145,"column":30},"end":{"line":144,"column":25}},"type":"cond-expr","locations":[{"start":{"line":145,"column":30},"end":{"line":144,"column":25}},{"start":{"line":152,"column":30},"end":{"line":152,"column":35}}]},"21":{"loc":{"start":{"line":148,"column":59},"end":{"line":148,"column":37}},"type":"cond-expr","locations":[{"start":{"line":148,"column":59},"end":{"line":148,"column":37}},{"start":{"line":148,"column":68},"end":{"line":145,"column":30}}]},"22":{"loc":{"start":{"line":160,"column":30},"end":{"line":159,"column":51}},"type":"cond-expr","locations":[{"start":{"line":160,"column":30},"end":{"line":159,"column":51}},{"start":{"line":159,"column":51},"end":{"line":null,"column":-1}}]},"23":{"loc":{"start":{"line":163,"column":12},"end":{"line":162,"column":15}},"type":"cond-expr","locations":[{"start":{"line":163,"column":12},"end":{"line":162,"column":15}},{"start":{"line":165,"column":16},"end":{"line":162,"column":8}}]},"24":{"loc":{"start":{"line":162,"column":15},"end":{"line":162,"column":22}},"type":"binary-expr","locations":[{"start":{"line":162,"column":15},"end":{"line":162,"column":22}},{"start":{"line":162,"column":23},"end":{"line":162,"column":15}}]},"25":{"loc":{"start":{"line":168,"column":30},"end":{"line":168,"column":48}},"type":"binary-expr","locations":[{"start":{"line":168,"column":30},"end":{"line":168,"column":48}},{"start":{"line":168,"column":49},"end":{"line":167,"column":20}}]},"26":{"loc":{"start":{"line":169,"column":28},"end":{"line":169,"column":46}},"type":"binary-expr","locations":[{"start":{"line":169,"column":28},"end":{"line":169,"column":46}},{"start":{"line":169,"column":47},"end":{"line":null,"column":-1}}]}},"s":{"0":0,"1":0,"2":0,"3":0,"4":0,"5":0,"6":0,"7":0,"8":0,"9":0,"10":0,"11":0,"12":0,"13":0,"14":0,"15":0,"16":0,"17":0,"18":0,"19":0,"20":0,"21":0,"22":0,"23":0,"24":0,"25":0,"26":0,"27":0,"28":0,"29":0,"30":0,"31":0,"32":0,"33":0,"34":0,"35":0,"36":0,"37":0,"38":0,"39":0,"40":0,"41":0,"42":0,"43":0,"44":0,"45":0,"46":0,"47":0,"48":0,"49":0},"f":{"0":0,"1":0,"2":0,"3":0,"4":0},"b":{"0":[0,0],"1":[0,0],"2":[0,0],"3":[0,0],"4":[0,0],"5":[0,0],"6":[0,0],"7":[0,0],"8":[0,0],"9":[0,0],"10":[0,0],"11":[0,0],"12":[0,0],"13":[0,0],"14":[0,0],"15":[0,0],"16":[0,0],"17":[0,0],"18":[0,0],"19":[0,0],"20":[0,0],"21":[0,0],"22":[0,0],"23":[0,0],"24":[0,0],"25":[0,0],"26":[0,0]}}
,"G:\\project\\zlx-build\\src\\components\\SiderMenu\\index.js": {"path":"G:\\project\\zlx-build\\src\\components\\SiderMenu\\index.js","statementMap":{"0":{"start":{"line":1,"column":0},"end":{"line":null,"column":-1}},"1":{"start":{"line":2,"column":0},"end":{"line":null,"column":-1}},"2":{"start":{"line":3,"column":0},"end":{"line":null,"column":-1}},"3":{"start":{"line":4,"column":0},"end":{"line":null,"column":-1}},"4":{"start":{"line":5,"column":0},"end":{"line":null,"column":-1}},"5":{"start":{"line":6,"column":0},"end":{"line":null,"column":-1}},"6":{"start":{"line":18,"column":16},"end":{"line":18,"column":0}},"7":{"start":{"line":19,"column":4},"end":{"line":24,"column":5}},"8":{"start":{"line":20,"column":8},"end":{"line":22,"column":9}},"9":{"start":{"line":21,"column":12},"end":{"line":null,"column":-1}},"10":{"start":{"line":23,"column":8},"end":{"line":null,"column":-1}},"11":{"start":{"line":25,"column":4},"end":{"line":null,"column":-1}},"12":{"start":{"line":33,"column":13},"end":{"line":33,"column":7}},"13":{"start":{"line":33,"column":31},"end":{"line":null,"column":-1}},"14":{"start":{"line":35,"column":8},"end":{"line":null,"column":-1}},"15":{"start":{"line":36,"column":8},"end":{"line":38,"column":9}},"16":{"start":{"line":37,"column":12},"end":{"line":null,"column":-1}},"17":{"start":{"line":39,"column":8},"end":{"line":null,"column":-1}},"18":{"start":{"line":47,"column":13},"end":{"line":47,"column":7}},"19":{"start":{"line":47,"column":32},"end":{"line":null,"column":-1}},"20":{"start":{"line":49,"column":8},"end":{"line":null,"column":-1}},"21":{"start":{"line":49,"column":66},"end":{"line":null,"column":-1}},"22":{"start":{"line":55,"column":23},"end":{"line":null,"column":-1}},"23":{"start":{"line":118,"column":28},"end":{"line":118,"column":8}},"24":{"start":{"line":119,"column":28},"end":{"line":119,"column":8}},"25":{"start":{"line":119,"column":44},"end":{"line":null,"column":-1}},"26":{"start":{"line":120,"column":8},"end":{"line":null,"column":-1}},"27":{"start":{"line":126,"column":29},"end":{"line":125,"column":24}},"28":{"start":{"line":127,"column":8},"end":{"line":null,"column":-1}},"29":{"start":{"line":127,"column":29},"end":{"line":null,"column":-1}},"30":{"start":{"line":136,"column":12},"end":{"line":133,"column":32}},"31":{"start":{"line":137,"column":8},"end":{"line":null,"column":-1}},"32":{"start":{"line":187,"column":21},"end":{"line":187,"column":8}},"33":{"start":{"line":188,"column":39},"end":{"line":186,"column":30}},"34":{"start":{"line":190,"column":29},"end":{"line":186,"column":30}},"35":{"start":{"line":191,"column":8},"end":{"line":null,"column":-1}},"36":{"start":{"line":204,"column":31},"end":{"line":203,"column":50}},"37":{"start":{"line":205,"column":8},"end":{"line":208,"column":9}},"38":{"start":{"line":206,"column":30},"end":{"line":205,"column":44}},"39":{"start":{"line":207,"column":12},"end":{"line":null,"column":-1}},"40":{"start":{"line":209,"column":8},"end":{"line":null,"column":-1}},"41":{"start":{"line":57,"column":8},"end":{"line":null,"column":-1}},"42":{"start":{"line":58,"column":8},"end":{"line":null,"column":-1}},"43":{"start":{"line":70,"column":12},"end":{"line":67,"column":39}},"44":{"start":{"line":67,"column":39},"end":{"line":67,"column":38}},"45":{"start":{"line":71,"column":8},"end":{"line":null,"column":-1}},"46":{"start":{"line":75,"column":58},"end":{"line":74,"column":13}},"47":{"start":{"line":74,"column":13},"end":{"line":74,"column":12}},"48":{"start":{"line":76,"column":29},"end":{"line":74,"column":13}},"49":{"start":{"line":78,"column":26},"end":{"line":78,"column":8}},"50":{"start":{"line":84,"column":27},"end":{"line":84,"column":8}},"51":{"start":{"line":85,"column":8},"end":{"line":87,"column":9}},"52":{"start":{"line":86,"column":12},"end":{"line":null,"column":-1}},"53":{"start":{"line":88,"column":8},"end":{"line":null,"column":-1}},"54":{"start":{"line":144,"column":30},"end":{"line":null,"column":-1}},"55":{"start":{"line":145,"column":8},"end":{"line":147,"column":9}},"56":{"start":{"line":146,"column":12},"end":{"line":null,"column":-1}},"57":{"start":{"line":148,"column":8},"end":{"line":null,"column":-1}},"58":{"start":{"line":149,"column":20},"end":{"line":null,"column":-1}},"59":{"start":{"line":151,"column":32},"end":{"line":151,"column":16}},"60":{"start":{"line":152,"column":16},"end":{"line":null,"column":-1}},"61":{"start":{"line":154,"column":20},"end":{"line":null,"column":-1}},"62":{"start":{"line":158,"column":8},"end":{"line":183,"column":9}},"63":{"start":{"line":158,"column":48},"end":{"line":null,"column":-1}},"64":{"start":{"line":159,"column":34},"end":{"line":159,"column":12}},"65":{"start":{"line":161,"column":12},"end":{"line":179,"column":13}},"66":{"start":{"line":162,"column":16},"end":{"line":null,"column":-1}},"67":{"start":{"line":180,"column":12},"end":{"line":null,"column":-1}},"68":{"start":{"line":182,"column":12},"end":{"line":null,"column":-1}}},"fnMap":{"0":{"name":"getIcon","decl":{"start":{"line":18,"column":6},"end":{"line":18,"column":16}},"loc":{"start":{"line":18,"column":24},"end":{"line":18,"column":0}}},"1":{"name":"getFlatMenuKeys","decl":{"start":{"line":33,"column":13},"end":{"line":33,"column":31}},"loc":{"start":{"line":33,"column":31},"end":{"line":33,"column":7}}},"2":{"name":"(anonymous_11)","decl":{"start":{"line":34,"column":16},"end":{"line":34,"column":16}},"loc":{"start":{"line":34,"column":32},"end":{"line":34,"column":4}}},"3":{"name":"getMenuMatchKeys","decl":{"start":{"line":47,"column":13},"end":{"line":47,"column":32}},"loc":{"start":{"line":47,"column":32},"end":{"line":47,"column":7}}},"4":{"name":"(anonymous_13)","decl":{"start":{"line":49,"column":8},"end":{"line":49,"column":8}},"loc":{"start":{"line":49,"column":8},"end":{"line":48,"column":4}}},"5":{"name":"(anonymous_14)","decl":{"start":{"line":49,"column":66},"end":{"line":null,"column":-1}},"loc":{"start":{"line":49,"column":66},"end":{"line":49,"column":46}}},"6":{"name":"SiderMenu","decl":{"start":{"line":55,"column":4},"end":{"line":55,"column":15}},"loc":{"start":{"line":55,"column":23},"end":{"line":61,"column":5}}},"7":{"name":"(anonymous_17)","decl":{"start":{"line":117,"column":23},"end":{"line":117,"column":34}},"loc":{"start":{"line":117,"column":35},"end":{"line":55,"column":23}}},"8":{"name":"(anonymous_18)","decl":{"start":{"line":119,"column":44},"end":{"line":null,"column":-1}},"loc":{"start":{"line":119,"column":44},"end":{"line":119,"column":28}}},"9":{"name":"(anonymous_19)","decl":{"start":{"line":125,"column":17},"end":{"line":125,"column":23}},"loc":{"start":{"line":125,"column":24},"end":{"line":55,"column":23}}},"10":{"name":"(anonymous_20)","decl":{"start":{"line":127,"column":29},"end":{"line":null,"column":-1}},"loc":{"start":{"line":127,"column":29},"end":{"line":127,"column":15}}},"11":{"name":"(anonymous_21)","decl":{"start":{"line":133,"column":26},"end":{"line":133,"column":31}},"loc":{"start":{"line":133,"column":32},"end":{"line":55,"column":23}}},"12":{"name":"(anonymous_22)","decl":{"start":{"line":186,"column":22},"end":{"line":186,"column":29}},"loc":{"start":{"line":186,"column":30},"end":{"line":55,"column":23}}},"13":{"name":"(anonymous_23)","decl":{"start":{"line":203,"column":26},"end":{"line":203,"column":26}},"loc":{"start":{"line":203,"column":50},"end":{"line":55,"column":23}}},"14":{"name":"(anonymous_27)","decl":{"start":{"line":149,"column":20},"end":{"line":null,"column":-1}},"loc":{"start":{"line":149,"column":20},"end":{"line":148,"column":15}}},"15":{"name":"(anonymous_28)","decl":{"start":{"line":150,"column":17},"end":{"line":150,"column":24}},"loc":{"start":{"line":150,"column":25},"end":{"line":148,"column":15}}},"16":{"name":"(anonymous_29)","decl":{"start":{"line":154,"column":20},"end":{"line":null,"column":-1}},"loc":{"start":{"line":154,"column":20},"end":{"line":148,"column":15}}},"17":{"name":"(anonymous_31)","decl":{"start":{"line":158,"column":48},"end":{"line":null,"column":-1}},"loc":{"start":{"line":158,"column":48},"end":{"line":158,"column":29}}}},"branchMap":{"0":{"loc":{"start":{"line":19,"column":4},"end":{"line":24,"column":5}},"type":"if","locations":[{"start":{"line":19,"column":4},"end":{"line":24,"column":5}},{"start":{"line":19,"column":4},"end":{"line":24,"column":5}}]},"1":{"loc":{"start":{"line":20,"column":8},"end":{"line":22,"column":9}},"type":"if","locations":[{"start":{"line":20,"column":8},"end":{"line":22,"column":9}},{"start":{"line":20,"column":8},"end":{"line":22,"column":9}}]},"2":{"loc":{"start":{"line":36,"column":8},"end":{"line":38,"column":9}},"type":"if","locations":[{"start":{"line":36,"column":8},"end":{"line":38,"column":9}},{"start":{"line":36,"column":8},"end":{"line":38,"column":9}}]},"3":{"loc":{"start":{"line":55,"column":23},"end":{"line":56,"column":13}},"type":"binary-expr","locations":[{"start":{"line":55,"column":23},"end":{"line":56,"column":13}},{"start":{"line":55,"column":23},"end":{"line":56,"column":13}}]},"4":{"loc":{"start":{"line":121,"column":36},"end":{"line":121,"column":22}},"type":"cond-expr","locations":[{"start":{"line":121,"column":36},"end":{"line":121,"column":22}},{"start":{"line":121,"column":22},"end":{"line":null,"column":-1}}]},"5":{"loc":{"start":{"line":127,"column":37},"end":{"line":127,"column":44}},"type":"binary-expr","locations":[{"start":{"line":127,"column":37},"end":{"line":127,"column":44}},{"start":{"line":127,"column":45},"end":{"line":127,"column":44}},{"start":{"line":127,"column":65},"end":{"line":127,"column":37}}]},"6":{"loc":{"start":{"line":205,"column":8},"end":{"line":208,"column":9}},"type":"if","locations":[{"start":{"line":205,"column":8},"end":{"line":208,"column":9}},{"start":{"line":205,"column":8},"end":{"line":208,"column":9}}]},"7":{"loc":{"start":{"line":205,"column":12},"end":{"line":205,"column":25}},"type":"binary-expr","locations":[{"start":{"line":205,"column":12},"end":{"line":205,"column":25}},{"start":{"line":205,"column":26},"end":{"line":205,"column":8}}]},"8":{"loc":{"start":{"line":70,"column":12},"end":{"line":70,"column":20}},"type":"binary-expr","locations":[{"start":{"line":70,"column":12},"end":{"line":70,"column":20}},{"start":{"line":70,"column":21},"end":{"line":67,"column":39}}]},"9":{"loc":{"start":{"line":79,"column":14},"end":{"line":78,"column":26}},"type":"cond-expr","locations":[{"start":{"line":79,"column":14},"end":{"line":78,"column":26}},{"start":{"line":80,"column":14},"end":{"line":78,"column":8}}]},"10":{"loc":{"start":{"line":85,"column":8},"end":{"line":87,"column":9}},"type":"if","locations":[{"start":{"line":85,"column":8},"end":{"line":87,"column":9}},{"start":{"line":85,"column":8},"end":{"line":87,"column":9}}]},"11":{"loc":{"start":{"line":145,"column":8},"end":{"line":147,"column":9}},"type":"if","locations":[{"start":{"line":145,"column":8},"end":{"line":147,"column":9}},{"start":{"line":145,"column":8},"end":{"line":147,"column":9}}]},"12":{"loc":{"start":{"line":149,"column":28},"end":{"line":149,"column":27}},"type":"binary-expr","locations":[{"start":{"line":149,"column":28},"end":{"line":149,"column":27}},{"start":{"line":149,"column":41},"end":{"line":149,"column":20}}]},"13":{"loc":{"start":{"line":158,"column":8},"end":{"line":183,"column":9}},"type":"if","locations":[{"start":{"line":158,"column":8},"end":{"line":183,"column":9}},{"start":{"line":158,"column":8},"end":{"line":183,"column":9}}]},"14":{"loc":{"start":{"line":158,"column":12},"end":{"line":158,"column":11}},"type":"binary-expr","locations":[{"start":{"line":158,"column":12},"end":{"line":158,"column":11}},{"start":{"line":158,"column":29},"end":{"line":158,"column":8}}]},"15":{"loc":{"start":{"line":161,"column":12},"end":{"line":179,"column":13}},"type":"if","locations":[{"start":{"line":161,"column":12},"end":{"line":179,"column":13}},{"start":{"line":161,"column":12},"end":{"line":179,"column":13}}]},"16":{"loc":{"start":{"line":161,"column":16},"end":{"line":161,"column":32}},"type":"binary-expr","locations":[{"start":{"line":161,"column":16},"end":{"line":161,"column":32}},{"start":{"line":161,"column":33},"end":{"line":161,"column":12}}]},"17":{"loc":{"start":{"line":166,"column":32},"end":{"line":165,"column":28}},"type":"cond-expr","locations":[{"start":{"line":166,"column":32},"end":{"line":165,"column":28}},{"start":{"line":171,"column":32},"end":{"line":163,"column":20}}]}},"s":{"0":0,"1":0,"2":0,"3":0,"4":0,"5":0,"6":0,"7":0,"8":0,"9":0,"10":0,"11":0,"12":0,"13":0,"14":0,"15":0,"16":0,"17":0,"18":0,"19":0,"20":0,"21":0,"22":0,"23":0,"24":0,"25":0,"26":0,"27":0,"28":0,"29":0,"30":0,"31":0,"32":0,"33":0,"34":0,"35":0,"36":0,"37":0,"38":0,"39":0,"40":0,"41":0,"42":0,"43":0,"44":0,"45":0,"46":0,"47":0,"48":0,"49":0,"50":0,"51":0,"52":0,"53":0,"54":0,"55":0,"56":0,"57":0,"58":0,"59":0,"60":0,"61":0,"62":0,"63":0,"64":0,"65":0,"66":0,"67":0,"68":0},"f":{"0":0,"1":0,"2":0,"3":0,"4":0,"5":0,"6":0,"7":0,"8":0,"9":0,"10":0,"11":0,"12":0,"13":0,"14":0,"15":0,"16":0,"17":0},"b":{"0":[0,0],"1":[0,0],"2":[0,0],"3":[0,0],"4":[0,0],"5":[0,0,0],"6":[0,0],"7":[0,0],"8":[0,0],"9":[0,0],"10":[0,0],"11":[0,0],"12":[0,0],"13":[0,0],"14":[0,0],"15":[0,0],"16":[0,0],"17":[0,0]}}
,"G:\\project\\zlx-build\\src\\layouts\\LoginLayout.js": {"path":"G:\\project\\zlx-build\\src\\layouts\\LoginLayout.js","statementMap":{"0":{"start":{"line":1,"column":0},"end":{"line":null,"column":-1}},"1":{"start":{"line":2,"column":0},"end":{"line":null,"column":-1}},"2":{"start":{"line":6,"column":8},"end":{"line":null,"column":-1}}},"fnMap":{},"branchMap":{},"s":{"0":0,"1":0,"2":0},"f":{},"b":{}}
,"G:\\project\\zlx-build\\src\\layouts\\PageHeaderLayout.js": {"path":"G:\\project\\zlx-build\\src\\layouts\\PageHeaderLayout.js","statementMap":{"0":{"start":{"line":1,"column":0},"end":{"line":null,"column":-1}},"1":{"start":{"line":2,"column":0},"end":{"line":null,"column":-1}},"2":{"start":{"line":3,"column":0},"end":{"line":null,"column":-1}},"3":{"start":{"line":4,"column":0},"end":{"line":null,"column":-1}},"4":{"start":{"line":6,"column":15},"end":{"line":6,"column":14}},"5":{"start":{"line":6,"column":15},"end":{"line":null,"column":-1}}},"fnMap":{},"branchMap":{"0":{"loc":{"start":{"line":10,"column":16},"end":{"line":10,"column":5}},"type":"cond-expr","locations":[{"start":{"line":10,"column":16},"end":{"line":10,"column":5}},{"start":{"line":10,"column":67},"end":{"line":null,"column":-1}}]}},"s":{"0":0,"1":0,"2":0,"3":0,"4":0,"5":0},"f":{},"b":{"0":[0,0]}}
,"G:\\project\\zlx-build\\src\\models\\example.js": {"path":"G:\\project\\zlx-build\\src\\models\\example.js","statementMap":{"0":{"start":{"line":1,"column":0},"end":{"line":null,"column":-1}},"1":{"start":{"line":11,"column":13},"end":{"line":11,"column":12}},"2":{"start":{"line":11,"column":13},"end":{"line":null,"column":-1}},"3":{"start":{"line":13,"column":18},"end":{"line":11,"column":13}},"4":{"start":{"line":22,"column":39},"end":{"line":22,"column":38}},"5":{"start":{"line":23,"column":12},"end":{"line":null,"column":-1}}},"fnMap":{"0":{"name":"asyncRequest","decl":{"start":{"line":11,"column":13},"end":{"line":null,"column":-1}},"loc":{"start":{"line":11,"column":13},"end":{"line":null,"column":-1}}},"1":{"name":"changeList","decl":{"start":{"line":21,"column":14},"end":{"line":22,"column":18}},"loc":{"start":{"line":22,"column":39},"end":{"line":27,"column":9}}}},"branchMap":{"0":{"loc":{"start":{"line":11,"column":13},"end":{"line":null,"column":-1}},"type":"switch","locations":[{"start":{"line":11,"column":13},"end":{"line":null,"column":-1}},{"start":{"line":11,"column":13},"end":{"line":null,"column":-1}},{"start":{"line":11,"column":13},"end":{"line":null,"column":-1}},{"start":{"line":11,"column":13},"end":{"line":null,"column":-1}}]}},"s":{"0":0,"1":0,"2":0,"3":0,"4":0,"5":0},"f":{"0":0,"1":0},"b":{"0":[0,0,0,0]}}
,"G:\\project\\zlx-build\\src\\models\\global.js": {"path":"G:\\project\\zlx-build\\src\\models\\global.js","statementMap":{"0":{"start":{"line":14,"column":50},"end":{"line":14,"column":49}},"1":{"start":{"line":15,"column":12},"end":{"line":null,"column":-1}},"2":{"start":{"line":23,"column":27},"end":{"line":23,"column":26}},"3":{"start":{"line":24,"column":12},"end":{"line":null,"column":-1}},"4":{"start":{"line":24,"column":60},"end":{"line":24,"column":59}},"5":{"start":{"line":25,"column":16},"end":{"line":27,"column":17}},"6":{"start":{"line":26,"column":20},"end":{"line":null,"column":-1}}},"fnMap":{"0":{"name":"changeLayoutCollapsed","decl":{"start":{"line":13,"column":14},"end":{"line":14,"column":29}},"loc":{"start":{"line":14,"column":50},"end":{"line":19,"column":9}}},"1":{"name":"setup","decl":{"start":{"line":22,"column":19},"end":{"line":23,"column":26}},"loc":{"start":{"line":23,"column":27},"end":{"line":29,"column":9}}},"2":{"name":"(anonymous_3)","decl":{"start":{"line":24,"column":34},"end":{"line":24,"column":59}},"loc":{"start":{"line":24,"column":60},"end":{"line":24,"column":19}}}},"branchMap":{"0":{"loc":{"start":{"line":25,"column":16},"end":{"line":27,"column":17}},"type":"if","locations":[{"start":{"line":25,"column":16},"end":{"line":27,"column":17}},{"start":{"line":25,"column":16},"end":{"line":27,"column":17}}]}},"s":{"0":0,"1":0,"2":0,"3":0,"4":0,"5":0,"6":0},"f":{"0":0,"1":0,"2":0},"b":{"0":[0,0]}}
,"G:\\project\\zlx-build\\src\\routes\\DataSource\\index.js": {"path":"G:\\project\\zlx-build\\src\\routes\\DataSource\\index.js","statementMap":{"0":{"start":{"line":1,"column":0},"end":{"line":null,"column":-1}},"1":{"start":{"line":6,"column":8},"end":{"line":null,"column":-1}}},"fnMap":{},"branchMap":{},"s":{"0":0,"1":0},"f":{},"b":{}}
,"G:\\project\\zlx-build\\src\\routes\\Desktop\\index.js": {"path":"G:\\project\\zlx-build\\src\\routes\\Desktop\\index.js","statementMap":{"0":{"start":{"line":1,"column":0},"end":{"line":null,"column":-1}},"1":{"start":{"line":2,"column":0},"end":{"line":null,"column":-1}},"2":{"start":{"line":6,"column":8},"end":{"line":null,"column":-1}}},"fnMap":{},"branchMap":{},"s":{"0":0,"1":0,"2":0},"f":{},"b":{}}
,"G:\\project\\zlx-build\\src\\routes\\Example\\example2.js": {"path":"G:\\project\\zlx-build\\src\\routes\\Example\\example2.js","statementMap":{"0":{"start":{"line":1,"column":0},"end":{"line":null,"column":-1}},"1":{"start":{"line":5,"column":8},"end":{"line":null,"column":-1}}},"fnMap":{},"branchMap":{},"s":{"0":0,"1":0},"f":{},"b":{}}
,"G:\\project\\zlx-build\\src\\routes\\Exception\\403.js": {"path":"G:\\project\\zlx-build\\src\\routes\\Exception\\403.js","statementMap":{"0":{"start":{"line":1,"column":0},"end":{"line":null,"column":-1}},"1":{"start":{"line":2,"column":0},"end":{"line":null,"column":-1}},"2":{"start":{"line":3,"column":0},"end":{"line":null,"column":-1}},"3":{"start":{"line":5,"column":15},"end":{"line":null,"column":-1}}},"fnMap":{},"branchMap":{},"s":{"0":0,"1":0,"2":0,"3":0},"f":{},"b":{}}
,"G:\\project\\zlx-build\\src\\routes\\Exception\\404.js": {"path":"G:\\project\\zlx-build\\src\\routes\\Exception\\404.js","statementMap":{"0":{"start":{"line":1,"column":0},"end":{"line":null,"column":-1}},"1":{"start":{"line":2,"column":0},"end":{"line":null,"column":-1}},"2":{"start":{"line":3,"column":0},"end":{"line":null,"column":-1}},"3":{"start":{"line":5,"column":15},"end":{"line":null,"column":-1}}},"fnMap":{},"branchMap":{},"s":{"0":0,"1":0,"2":0,"3":0},"f":{},"b":{}}
,"G:\\project\\zlx-build\\src\\routes\\Exception\\500.js": {"path":"G:\\project\\zlx-build\\src\\routes\\Exception\\500.js","statementMap":{"0":{"start":{"line":1,"column":0},"end":{"line":null,"column":-1}},"1":{"start":{"line":2,"column":0},"end":{"line":null,"column":-1}},"2":{"start":{"line":3,"column":0},"end":{"line":null,"column":-1}},"3":{"start":{"line":5,"column":15},"end":{"line":null,"column":-1}}},"fnMap":{},"branchMap":{},"s":{"0":0,"1":0,"2":0,"3":0},"f":{},"b":{}}
,"G:\\project\\zlx-build\\src\\routes\\Market\\index.js": {"path":"G:\\project\\zlx-build\\src\\routes\\Market\\index.js","statementMap":{"0":{"start":{"line":1,"column":0},"end":{"line":null,"column":-1}},"1":{"start":{"line":5,"column":8},"end":{"line":null,"column":-1}}},"fnMap":{},"branchMap":{},"s":{"0":0,"1":0},"f":{},"b":{}}
,"G:\\project\\zlx-build\\src\\routes\\My\\index.js": {"path":"G:\\project\\zlx-build\\src\\routes\\My\\index.js","statementMap":{"0":{"start":{"line":1,"column":0},"end":{"line":null,"column":-1}},"1":{"start":{"line":2,"column":0},"end":{"line":null,"column":-1}},"2":{"start":{"line":6,"column":8},"end":{"line":null,"column":-1}}},"fnMap":{},"branchMap":{},"s":{"0":0,"1":0,"2":0},"f":{},"b":{}}
,"G:\\project\\zlx-build\\src\\services\\example.js": {"path":"G:\\project\\zlx-build\\src\\services\\example.js","statementMap":{"0":{"start":{"line":1,"column":0},"end":{"line":null,"column":-1}},"1":{"start":{"line":4,"column":2},"end":{"line":null,"column":-1}}},"fnMap":{"0":{"name":"getList","decl":{"start":{"line":3,"column":16},"end":{"line":3,"column":7}},"loc":{"start":{"line":3,"column":26},"end":{"line":5,"column":1}}}},"branchMap":{},"s":{"0":0,"1":0},"f":{"0":0},"b":{}}
,"G:\\project\\zlx-build\\src\\utils\\Authorized.js": {"path":"G:\\project\\zlx-build\\src\\utils\\Authorized.js","statementMap":{"0":{"start":{"line":1,"column":0},"end":{"line":null,"column":-1}},"1":{"start":{"line":2,"column":0},"end":{"line":null,"column":-1}},"2":{"start":{"line":4,"column":17},"end":{"line":4,"column":0}},"3":{"start":{"line":6,"column":25},"end":{"line":6,"column":0}},"4":{"start":{"line":7,"column":4},"end":{"line":null,"column":-1}}},"fnMap":{"0":{"name":"reloadAuthorized","decl":{"start":{"line":6,"column":6},"end":{"line":6,"column":25}},"loc":{"start":{"line":6,"column":37},"end":{"line":6,"column":0}}}},"branchMap":{},"s":{"0":0,"1":0,"2":0,"3":0,"4":0},"f":{"0":0},"b":{}}
,"G:\\project\\zlx-build\\src\\utils\\authority.js": {"path":"G:\\project\\zlx-build\\src\\utils\\authority.js","statementMap":{"0":{"start":{"line":2,"column":4},"end":{"line":null,"column":-1}},"1":{"start":{"line":6,"column":4},"end":{"line":null,"column":-1}}},"fnMap":{"0":{"name":"getAuthority","decl":{"start":{"line":1,"column":16},"end":{"line":1,"column":7}},"loc":{"start":{"line":1,"column":31},"end":{"line":3,"column":1}}},"1":{"name":"setAuthority","decl":{"start":{"line":5,"column":16},"end":{"line":5,"column":7}},"loc":{"start":{"line":5,"column":40},"end":{"line":7,"column":1}}}},"branchMap":{"0":{"loc":{"start":{"line":2,"column":11},"end":{"line":2,"column":42}},"type":"binary-expr","locations":[{"start":{"line":2,"column":11},"end":{"line":2,"column":42}},{"start":{"line":2,"column":43},"end":{"line":2,"column":4}}]}},"s":{"0":0,"1":0},"f":{"0":0,"1":0},"b":{"0":[0,0]}}
,"G:\\project\\zlx-build\\src\\utils\\request.js": {"path":"G:\\project\\zlx-build\\src\\utils\\request.js","statementMap":{"0":{"start":{"line":1,"column":0},"end":{"line":null,"column":-1}},"1":{"start":{"line":2,"column":0},"end":{"line":null,"column":-1}},"2":{"start":{"line":3,"column":0},"end":{"line":null,"column":-1}},"3":{"start":{"line":4,"column":0},"end":{"line":null,"column":-1}},"4":{"start":{"line":7,"column":1},"end":{"line":null,"column":-1}},"5":{"start":{"line":11,"column":1},"end":{"line":13,"column":2}},"6":{"start":{"line":12,"column":2},"end":{"line":null,"column":-1}},"7":{"start":{"line":14,"column":1},"end":{"line":null,"column":-1}},"8":{"start":{"line":18,"column":15},"end":{"line":18,"column":1}},"9":{"start":{"line":19,"column":1},"end":{"line":null,"column":-1}},"10":{"start":{"line":20,"column":1},"end":{"line":null,"column":-1}},"11":{"start":{"line":30,"column":20},"end":{"line":30,"column":1}},"12":{"start":{"line":31,"column":7},"end":{"line":31,"column":1}},"13":{"start":{"line":32,"column":1},"end":{"line":null,"column":-1}},"14":{"start":{"line":36,"column":1},"end":{"line":null,"column":-1}},"15":{"start":{"line":40,"column":24},"end":{"line":39,"column":16}},"16":{"start":{"line":41,"column":3},"end":{"line":null,"column":-1}}},"fnMap":{"0":{"name":"parseJSON","decl":{"start":{"line":6,"column":9},"end":{"line":6,"column":0}},"loc":{"start":{"line":6,"column":29},"end":{"line":8,"column":1}}},"1":{"name":"checkStatus","decl":{"start":{"line":10,"column":9},"end":{"line":10,"column":0}},"loc":{"start":{"line":10,"column":31},"end":{"line":21,"column":1}}},"2":{"name":"request","decl":{"start":{"line":29,"column":24},"end":{"line":29,"column":15}},"loc":{"start":{"line":29,"column":46},"end":{"line":43,"column":1}}},"3":{"name":"(anonymous_5)","decl":{"start":{"line":39,"column":9},"end":{"line":39,"column":15}},"loc":{"start":{"line":39,"column":16},"end":{"line":36,"column":8}}}},"branchMap":{"0":{"loc":{"start":{"line":11,"column":1},"end":{"line":13,"column":2}},"type":"if","locations":[{"start":{"line":11,"column":1},"end":{"line":13,"column":2}},{"start":{"line":11,"column":1},"end":{"line":13,"column":2}}]},"1":{"loc":{"start":{"line":11,"column":5},"end":{"line":11,"column":4}},"type":"binary-expr","locations":[{"start":{"line":11,"column":5},"end":{"line":11,"column":4}},{"start":{"line":11,"column":31},"end":{"line":11,"column":1}}]}},"s":{"0":0,"1":0,"2":0,"3":0,"4":0,"5":0,"6":0,"7":0,"8":0,"9":0,"10":0,"11":0,"12":0,"13":0,"14":0,"15":0,"16":0},"f":{"0":0,"1":0,"2":0,"3":0},"b":{"0":[0,0],"1":[0,0]}}
,"G:\\project\\zlx-build\\src\\utils\\util.js": {"path":"G:\\project\\zlx-build\\src\\utils\\util.js","statementMap":{"0":{"start":{"line":1,"column":0},"end":{"line":null,"column":-1}},"1":{"start":{"line":8,"column":4},"end":{"line":null,"column":-1}},"2":{"start":{"line":21,"column":52},"end":{"line":21,"column":51}},"3":{"start":{"line":22,"column":19},"end":{"line":22,"column":4}},"4":{"start":{"line":23,"column":4},"end":{"line":25,"column":5}},"5":{"start":{"line":24,"column":8},"end":{"line":null,"column":-1}},"6":{"start":{"line":26,"column":4},"end":{"line":null,"column":-1}},"7":{"start":{"line":36,"column":17},"end":{"line":36,"column":4}},"8":{"start":{"line":37,"column":8},"end":{"line":null,"column":-1}},"9":{"start":{"line":40,"column":4},"end":{"line":null,"column":-1}},"10":{"start":{"line":40,"column":24},"end":{"line":null,"column":-1}},"11":{"start":{"line":41,"column":22},"end":{"line":41,"column":4}},"12":{"start":{"line":42,"column":25},"end":{"line":42,"column":4}},"13":{"start":{"line":43,"column":22},"end":{"line":43,"column":8}},"14":{"start":{"line":43,"column":35},"end":{"line":null,"column":-1}},"15":{"start":{"line":44,"column":8},"end":{"line":null,"column":-1}},"16":{"start":{"line":51,"column":4},"end":{"line":null,"column":-1}},"17":{"start":{"line":55,"column":4},"end":{"line":57,"column":5}},"18":{"start":{"line":56,"column":8},"end":{"line":55,"column":23}},"19":{"start":{"line":58,"column":17},"end":{"line":58,"column":4}},"20":{"start":{"line":59,"column":17},"end":{"line":59,"column":4}},"21":{"start":{"line":60,"column":4},"end":{"line":64,"column":5}},"22":{"start":{"line":60,"column":19},"end":{"line":null,"column":-1}},"23":{"start":{"line":61,"column":8},"end":{"line":null,"column":-1}},"24":{"start":{"line":62,"column":11},"end":{"line":64,"column":5}},"25":{"start":{"line":62,"column":26},"end":{"line":null,"column":-1}},"26":{"start":{"line":63,"column":8},"end":{"line":null,"column":-1}},"27":{"start":{"line":65,"column":4},"end":{"line":null,"column":-1}},"28":{"start":{"line":69,"column":20},"end":{"line":69,"column":4}},"29":{"start":{"line":70,"column":4},"end":{"line":null,"column":-1}},"30":{"start":{"line":68,"column":30},"end":{"line":null,"column":-1}},"31":{"start":{"line":73,"column":8},"end":{"line":null,"column":-1}},"32":{"start":{"line":73,"column":37},"end":{"line":null,"column":-1}},"33":{"start":{"line":75,"column":22},"end":{"line":75,"column":8}},"34":{"start":{"line":75,"column":38},"end":{"line":null,"column":-1}},"35":{"start":{"line":76,"column":8},"end":{"line":78,"column":9}},"36":{"start":{"line":77,"column":12},"end":{"line":null,"column":-1}},"37":{"start":{"line":71,"column":4},"end":{"line":79,"column":5}},"38":{"start":{"line":71,"column":47},"end":{"line":null,"column":-1}},"39":{"start":{"line":80,"column":4},"end":{"line":null,"column":-1}},"40":{"start":{"line":89,"column":20},"end":{"line":89,"column":4}},"41":{"start":{"line":89,"column":42},"end":{"line":null,"column":-1}},"42":{"start":{"line":90,"column":4},"end":{"line":null,"column":-1}},"43":{"start":{"line":91,"column":8},"end":{"line":null,"column":-1}}},"fnMap":{"0":{"name":"isPromise","decl":{"start":{"line":7,"column":16},"end":{"line":7,"column":7}},"loc":{"start":{"line":7,"column":31},"end":{"line":13,"column":1}}},"1":{"name":"getQueryPath","decl":{"start":{"line":21,"column":16},"end":{"line":21,"column":7}},"loc":{"start":{"line":21,"column":52},"end":{"line":27,"column":1}}},"2":{"name":"getRoutes","decl":{"start":{"line":35,"column":16},"end":{"line":35,"column":7}},"loc":{"start":{"line":35,"column":44},"end":{"line":52,"column":1}}},"3":{"name":"(anonymous_6)","decl":{"start":{"line":37,"column":8},"end":{"line":null,"column":-1}},"loc":{"start":{"line":37,"column":8},"end":{"line":36,"column":17}}},"4":{"name":"(anonymous_7)","decl":{"start":{"line":40,"column":24},"end":{"line":null,"column":-1}},"loc":{"start":{"line":40,"column":24},"end":{"line":40,"column":13}}},"5":{"name":"(anonymous_8)","decl":{"start":{"line":42,"column":39},"end":{"line":42,"column":46}},"loc":{"start":{"line":42,"column":47},"end":{"line":42,"column":25}}},"6":{"name":"(anonymous_9)","decl":{"start":{"line":43,"column":35},"end":{"line":null,"column":-1}},"loc":{"start":{"line":43,"column":35},"end":{"line":43,"column":23}}},"7":{"name":"getRelation","decl":{"start":{"line":54,"column":9},"end":{"line":54,"column":0}},"loc":{"start":{"line":54,"column":33},"end":{"line":66,"column":1}}},"8":{"name":"(anonymous_11)","decl":{"start":{"line":60,"column":19},"end":{"line":60,"column":19}},"loc":{"start":{"line":60,"column":19},"end":{"line":60,"column":8}}},"9":{"name":"(anonymous_12)","decl":{"start":{"line":62,"column":26},"end":{"line":62,"column":26}},"loc":{"start":{"line":62,"column":26},"end":{"line":62,"column":15}}},"10":{"name":"getRenderArr","decl":{"start":{"line":68,"column":9},"end":{"line":68,"column":0}},"loc":{"start":{"line":68,"column":30},"end":{"line":81,"column":1}}},"11":{"name":"_loop","decl":{"start":{"line":68,"column":30},"end":{"line":71,"column":12}},"loc":{"start":{"line":68,"column":30},"end":{"line":null,"column":-1}}},"12":{"name":"(anonymous_15)","decl":{"start":{"line":73,"column":37},"end":{"line":null,"column":-1}},"loc":{"start":{"line":73,"column":37},"end":{"line":73,"column":20}}},"13":{"name":"(anonymous_16)","decl":{"start":{"line":75,"column":38},"end":{"line":null,"column":-1}},"loc":{"start":{"line":75,"column":38},"end":{"line":75,"column":22}}},"14":{"name":"urlToList","decl":{"start":{"line":88,"column":16},"end":{"line":88,"column":7}},"loc":{"start":{"line":88,"column":31},"end":{"line":93,"column":3}}},"15":{"name":"(anonymous_18)","decl":{"start":{"line":89,"column":42},"end":{"line":null,"column":-1}},"loc":{"start":{"line":89,"column":42},"end":{"line":89,"column":20}}},"16":{"name":"(anonymous_19)","decl":{"start":{"line":90,"column":23},"end":{"line":90,"column":23}},"loc":{"start":{"line":90,"column":43},"end":{"line":90,"column":11}}}},"branchMap":{"0":{"loc":{"start":{"line":9,"column":8},"end":{"line":9,"column":7}},"type":"binary-expr","locations":[{"start":{"line":9,"column":8},"end":{"line":9,"column":7}},{"start":{"line":10,"column":9},"end":{"line":10,"column":8}},{"start":{"line":10,"column":36},"end":{"line":9,"column":8}},{"start":{"line":11,"column":8},"end":{"line":8,"column":4}}]},"1":{"loc":{"start":{"line":10,"column":9},"end":{"line":10,"column":15}},"type":"cond-expr","locations":[{"start":{"line":10,"column":9},"end":{"line":10,"column":15}},{"start":{"line":10,"column":9},"end":{"line":10,"column":23}}]},"2":{"loc":{"start":{"line":21,"column":52},"end":{"line":21,"column":35}},"type":"cond-expr","locations":[{"start":{"line":21,"column":52},"end":{"line":21,"column":35}},{"start":{"line":21,"column":36},"end":{"line":21,"column":52}}]},"3":{"loc":{"start":{"line":21,"column":52},"end":{"line":21,"column":35}},"type":"binary-expr","locations":[{"start":{"line":21,"column":52},"end":{"line":21,"column":35}},{"start":{"line":21,"column":52},"end":{"line":21,"column":35}}]},"4":{"loc":{"start":{"line":21,"column":52},"end":{"line":21,"column":47}},"type":"cond-expr","locations":[{"start":{"line":21,"column":52},"end":{"line":21,"column":47}},{"start":{"line":21,"column":48},"end":{"line":21,"column":52}}]},"5":{"loc":{"start":{"line":21,"column":52},"end":{"line":21,"column":47}},"type":"binary-expr","locations":[{"start":{"line":21,"column":52},"end":{"line":21,"column":47}},{"start":{"line":21,"column":52},"end":{"line":21,"column":47}}]},"6":{"loc":{"start":{"line":23,"column":4},"end":{"line":25,"column":5}},"type":"if","locations":[{"start":{"line":23,"column":4},"end":{"line":25,"column":5}},{"start":{"line":23,"column":4},"end":{"line":25,"column":5}}]},"7":{"loc":{"start":{"line":37,"column":21},"end":{"line":37,"column":20}},"type":"binary-expr","locations":[{"start":{"line":37,"column":21},"end":{"line":37,"column":20}},{"start":{"line":37,"column":54},"end":{"line":37,"column":8}}]},"8":{"loc":{"start":{"line":43,"column":44},"end":{"line":43,"column":43}},"type":"binary-expr","locations":[{"start":{"line":43,"column":44},"end":{"line":43,"column":43}},{"start":{"line":43,"column":62},"end":{"line":43,"column":35}}]},"9":{"loc":{"start":{"line":55,"column":4},"end":{"line":57,"column":5}},"type":"if","locations":[{"start":{"line":55,"column":4},"end":{"line":57,"column":5}},{"start":{"line":55,"column":4},"end":{"line":57,"column":5}}]},"10":{"loc":{"start":{"line":60,"column":4},"end":{"line":64,"column":5}},"type":"if","locations":[{"start":{"line":60,"column":4},"end":{"line":64,"column":5}},{"start":{"line":60,"column":4},"end":{"line":64,"column":5}}]},"11":{"loc":{"start":{"line":62,"column":11},"end":{"line":64,"column":5}},"type":"if","locations":[{"start":{"line":62,"column":11},"end":{"line":64,"column":5}},{"start":{"line":62,"column":11},"end":{"line":64,"column":5}}]},"12":{"loc":{"start":{"line":76,"column":8},"end":{"line":78,"column":9}},"type":"if","locations":[{"start":{"line":76,"column":8},"end":{"line":78,"column":9}},{"start":{"line":76,"column":8},"end":{"line":78,"column":9}}]}},"s":{"0":0,"1":0,"2":0,"3":0,"4":0,"5":0,"6":0,"7":0,"8":0,"9":0,"10":0,"11":0,"12":0,"13":0,"14":0,"15":0,"16":0,"17":0,"18":0,"19":0,"20":0,"21":0,"22":0,"23":0,"24":0,"25":0,"26":0,"27":0,"28":0,"29":0,"30":0,"31":0,"32":0,"33":0,"34":0,"35":0,"36":0,"37":0,"38":0,"39":0,"40":0,"41":0,"42":0,"43":0},"f":{"0":0,"1":0,"2":0,"3":0,"4":0,"5":0,"6":0,"7":0,"8":0,"9":0,"10":0,"11":0,"12":0,"13":0,"14":0,"15":0,"16":0},"b":{"0":[0,0,0,0],"1":[0,0],"2":[0,0],"3":[0,0],"4":[0,0],"5":[0,0],"6":[0,0],"7":[0,0],"8":[0,0],"9":[0,0],"10":[0,0],"11":[0,0],"12":[0,0]}}
}
