TN:
SF:G:\project\zlx-build\src\polyfill.js
FNF:0
FNH:0
DA:1,0
DA:2,0
LF:2
LH:0
BRF:0
BRH:0
end_of_record
TN:
SF:G:\project\zlx-build\src\router.js
FN:10,RouterConfig
FN:21,render
FNF:2
FNH:0
FNDA:0,RouterConfig
FNDA:0,render
DA:1,0
DA:2,0
DA:3,0
DA:4,0
DA:5,0
DA:10,0
DA:11,0
DA:12,0
DA:13,0
DA:14,0
DA:21,0
LF:11
LH:0
BRF:0
BRH:0
end_of_record
TN:
SF:G:\project\zlx-build\src\theme.js
FNF:0
FNH:0
DA:1,0
LF:1
LH:0
BRF:0
BRH:0
end_of_record
TN:
SF:G:\project\zlx-build\src\common\menu.js
FN:50,formatter
FN:51,(anonymous_2)
FN:64,getMenuData
FNF:3
FNH:0
FNDA:0,formatter
FNDA:0,(anonymous_2)
FNDA:0,getMenuData
DA:1,0
DA:50,0
DA:51,0
DA:52,0
DA:57,0
DA:58,0
DA:60,0
DA:64,0
LF:8
LH:0
BRDA:50,0,0,0
BRDA:50,0,1,0
BRDA:50,1,0,0
BRDA:50,1,1,0
BRDA:54,2,0,0
BRDA:54,2,1,0
BRDA:57,3,0,0
BRDA:57,3,1,0
BRF:8
BRH:0
end_of_record
TN:
SF:G:\project\zlx-build\src\components\Authorized\Authorized.js
FNF:0
FNH:0
DA:1,0
DA:2,0
DA:5,0
DA:6,0
DA:7,0
DA:8,0
LF:6
LH:0
BRDA:6,0,0,0
BRDA:6,0,1,0
BRDA:7,1,0,0
BRDA:7,1,1,0
BRF:4
BRH:0
end_of_record
TN:
SF:G:\project\zlx-build\src\components\Authorized\AuthorizedRoute.js
FN:11,render
FN:13,render
FNF:2
FNH:0
FNDA:0,render
FNDA:0,render
DA:1,0
DA:2,0
DA:3,0
DA:6,0
DA:7,0
DA:8,0
DA:11,0
DA:13,0
LF:8
LH:0
BRDA:13,0,0,0
BRDA:13,0,1,0
BRF:2
BRH:0
end_of_record
TN:
SF:G:\project\zlx-build\src\components\Authorized\CheckPermissions.js
FN:15,checkPermissions
FN:75,check
FNF:2
FNH:0
FNDA:0,checkPermissions
FNDA:0,check
DA:1,0
DA:2,0
DA:3,0
DA:4,0
DA:15,0
DA:17,0
DA:18,0
DA:22,0
DA:23,0
DA:24,0
DA:26,0
DA:27,0
DA:28,0
DA:29,0
DA:30,0
DA:34,0
DA:38,0
DA:39,0
DA:40,0
DA:42,0
DA:43,0
DA:44,0
DA:45,0
DA:46,0
DA:50,0
DA:54,0
DA:55,0
DA:59,0
DA:60,0
DA:61,0
DA:62,0
DA:63,0
DA:65,0
DA:66,0
DA:68,0
DA:70,0
DA:75,0
DA:76,0
LF:38
LH:0
BRDA:17,0,0,0
BRDA:17,0,1,0
BRDA:22,1,0,0
BRDA:22,1,1,0
BRDA:23,2,0,0
BRDA:23,2,1,0
BRDA:26,3,0,0
BRDA:26,3,1,0
BRDA:29,4,0,0
BRDA:29,4,1,0
BRDA:38,5,0,0
BRDA:38,5,1,0
BRDA:39,6,0,0
BRDA:39,6,1,0
BRDA:42,7,0,0
BRDA:42,7,1,0
BRDA:45,8,0,0
BRDA:45,8,1,0
BRDA:54,9,0,0
BRDA:54,9,1,0
BRDA:59,10,0,0
BRDA:59,10,1,0
BRDA:62,11,0,0
BRDA:62,11,1,0
BRDA:65,12,0,0
BRDA:65,12,1,0
BRF:26
BRH:0
end_of_record
TN:
SF:G:\project\zlx-build\src\components\Authorized\PromiseRender.js
FN:20,(anonymous_12)
FN:22,(anonymous_13)
FN:31,(anonymous_15)
FNF:3
FNH:0
FNDA:0,(anonymous_12)
FNDA:0,(anonymous_13)
FNDA:0,(anonymous_15)
DA:1,0
DA:2,0
DA:10,0
DA:14,0
DA:17,0
DA:18,0
DA:19,0
DA:20,0
DA:21,0
DA:23,0
DA:28,0
DA:29,0
DA:31,0
DA:35,0
DA:36,0
DA:37,0
DA:39,0
LF:17
LH:0
BRDA:28,0,0,0
BRDA:28,0,1,0
BRDA:36,1,0,0
BRDA:36,1,1,0
BRF:4
BRH:0
end_of_record
TN:
SF:G:\project\zlx-build\src\components\Authorized\Secured.js
FN:5,Exception403
FN:7,checkIsInstantiation
FN:11,(anonymous_3)
FN:19,authorize
FN:22,classError
FN:27,decideAuthority
FNF:6
FNH:0
FNDA:0,Exception403
FNDA:0,checkIsInstantiation
FNDA:0,(anonymous_3)
FNDA:0,authorize
FNDA:0,classError
FNDA:0,decideAuthority
DA:1,0
DA:2,0
DA:3,0
DA:5,0
DA:7,0
DA:8,0
DA:9,0
DA:11,0
DA:19,0
DA:20,0
DA:21,0
DA:22,0
DA:24,0
DA:25,0
DA:27,0
DA:28,0
DA:29,0
LF:17
LH:0
BRDA:8,0,0,0
BRDA:8,0,1,0
BRDA:21,1,0,0
BRDA:21,1,1,0
BRDA:24,2,0,0
BRDA:24,2,1,0
BRDA:28,3,0,0
BRDA:28,3,1,0
BRF:8
BRH:0
end_of_record
TN:
SF:G:\project\zlx-build\src\components\Authorized\index.js
FNF:0
FNH:0
DA:1,0
DA:2,0
DA:4,0
DA:5,0
DA:6,0
DA:8,0
DA:9,0
DA:10,0
LF:8
LH:0
BRF:0
BRH:0
end_of_record
TN:
SF:G:\project\zlx-build\src\components\Authorized\renderAuthorize.js
FN:3,renderAuthorize
FN:4,(anonymous_1)
FNF:2
FNH:0
FNDA:0,renderAuthorize
FNDA:0,(anonymous_1)
DA:1,0
DA:3,0
DA:4,0
DA:5,0
DA:6,0
DA:7,0
DA:9,0
DA:10,0
DA:13,0
DA:15,0
DA:20,0
LF:11
LH:0
BRDA:5,0,0,0
BRDA:5,0,1,0
BRDA:6,1,0,0
BRDA:6,1,1,0
BRDA:9,2,0,0
BRDA:9,2,1,0
BRDA:9,3,0,0
BRDA:9,3,1,0
BRF:8
BRH:0
end_of_record
TN:
SF:G:\project\zlx-build\src\components\Exception\index.js
FN:7,Exception
FNF:1
FNH:0
FNDA:0,Exception
DA:1,0
DA:2,0
DA:3,0
DA:4,0
DA:5,0
DA:7,0
DA:8,0
DA:9,0
DA:10,0
LF:9
LH:0
BRDA:7,0,0,0
BRDA:7,0,1,0
BRDA:8,1,0,0
BRDA:8,1,1,0
BRDA:15,2,0,0
BRDA:15,2,1,0
BRDA:19,3,0,0
BRDA:19,3,1,0
BRDA:20,4,0,0
BRDA:20,4,1,0
BRDA:22,5,0,0
BRDA:22,5,1,0
BRF:12
BRH:0
end_of_record
TN:
SF:G:\project\zlx-build\src\components\Exception\typeConfig.js
FNF:0
FNH:0
DA:1,0
LF:1
LH:0
BRF:0
BRH:0
end_of_record
TN:
SF:G:\project\zlx-build\src\components\GlobalHeader\index.js
FN:47,onItemClick
FN:50,onClear
FN:53,onPopupVisibleChange
FNF:3
FNH:0
FNDA:0,onItemClick
FNDA:0,onClear
FNDA:0,onPopupVisibleChange
DA:1,0
DA:2,0
DA:3,0
DA:4,0
DA:5,0
DA:8,0
DA:9,0
DA:12,0
DA:29,0
DA:48,0
DA:51,0
DA:54,0
DA:76,0
DA:77,0
DA:78,0
LF:15
LH:0
BRDA:32,0,0,0
BRDA:32,0,1,0
BRDA:62,1,0,0
BRDA:62,1,1,0
BRF:4
BRH:0
end_of_record
TN:
SF:G:\project\zlx-build\src\components\NoticeIcon\index.js
FNF:0
FNH:0
DA:1,0
DA:2,0
DA:3,0
DA:4,0
DA:7,0
DA:8,0
DA:10,0
DA:11,0
DA:12,0
DA:14,0
LF:10
LH:0
BRDA:11,0,0,0
BRDA:11,0,1,0
BRF:2
BRH:0
end_of_record
TN:
SF:G:\project\zlx-build\src\components\PageHeader\index.js
FN:8,getBreadcrumb
FN:11,(anonymous_9)
FN:69,(anonymous_14)
FN:89,(anonymous_16)
FN:142,(anonymous_19)
FNF:5
FNH:0
FNDA:0,getBreadcrumb
FNDA:0,(anonymous_9)
FNDA:0,(anonymous_14)
FNDA:0,(anonymous_16)
FNDA:0,(anonymous_19)
DA:1,0
DA:2,0
DA:3,0
DA:4,0
DA:5,0
DA:6,0
DA:9,0
DA:10,0
DA:11,0
DA:12,0
DA:13,0
DA:17,0
DA:33,0
DA:37,0
DA:38,0
DA:46,0
DA:47,0
DA:55,0
DA:56,0
DA:57,0
DA:60,0
DA:61,0
DA:65,0
DA:66,0
DA:69,0
DA:78,0
DA:79,0
DA:82,0
DA:85,0
DA:86,0
DA:87,0
DA:89,0
DA:90,0
DA:91,0
DA:92,0
DA:115,0
DA:122,0
DA:123,0
DA:129,0
DA:130,0
DA:138,0
DA:139,0
DA:140,0
DA:142,0
DA:159,0
DA:160,0
DA:161,0
DA:162,0
LF:48
LH:0
BRDA:10,0,0,0
BRDA:10,0,1,0
BRDA:12,1,0,0
BRDA:12,1,1,0
BRDA:17,2,0,0
BRDA:17,2,1,0
BRDA:60,3,0,0
BRDA:60,3,1,0
BRDA:60,4,0,0
BRDA:60,4,1,0
BRDA:65,5,0,0
BRDA:65,5,1,0
BRDA:65,6,0,0
BRDA:65,6,1,0
BRDA:78,7,0,0
BRDA:78,7,1,0
BRDA:78,8,0,0
BRDA:78,8,1,0
BRDA:86,9,0,0
BRDA:86,9,1,0
BRDA:91,10,0,0
BRDA:91,10,1,0
BRDA:93,11,0,0
BRDA:93,11,1,0
BRDA:92,12,0,0
BRDA:92,12,1,0
BRDA:95,13,0,0
BRDA:95,13,1,0
BRDA:96,14,0,0
BRDA:96,14,1,0
BRDA:131,15,0,0
BRDA:131,15,1,0
BRDA:132,16,0,0
BRDA:132,16,1,0
BRDA:133,17,0,0
BRDA:133,17,1,0
BRDA:134,18,0,0
BRDA:134,18,1,0
BRDA:139,19,0,0
BRDA:139,19,1,0
BRDA:145,20,0,0
BRDA:145,20,1,0
BRDA:148,21,0,0
BRDA:148,21,1,0
BRDA:160,22,0,0
BRDA:160,22,1,0
BRDA:163,23,0,0
BRDA:163,23,1,0
BRDA:162,24,0,0
BRDA:162,24,1,0
BRDA:168,25,0,0
BRDA:168,25,1,0
BRDA:169,26,0,0
BRDA:169,26,1,0
BRF:54
BRH:0
end_of_record
TN:
SF:G:\project\zlx-build\src\components\SiderMenu\index.js
FN:18,getIcon
FN:33,getFlatMenuKeys
FN:34,(anonymous_11)
FN:47,getMenuMatchKeys
FN:49,(anonymous_13)
FN:49,(anonymous_14)
FN:55,SiderMenu
FN:117,(anonymous_17)
FN:119,(anonymous_18)
FN:125,(anonymous_19)
FN:127,(anonymous_20)
FN:133,(anonymous_21)
FN:186,(anonymous_22)
FN:203,(anonymous_23)
FN:149,(anonymous_27)
FN:150,(anonymous_28)
FN:154,(anonymous_29)
FN:158,(anonymous_31)
FNF:18
FNH:0
FNDA:0,getIcon
FNDA:0,getFlatMenuKeys
FNDA:0,(anonymous_11)
FNDA:0,getMenuMatchKeys
FNDA:0,(anonymous_13)
FNDA:0,(anonymous_14)
FNDA:0,SiderMenu
FNDA:0,(anonymous_17)
FNDA:0,(anonymous_18)
FNDA:0,(anonymous_19)
FNDA:0,(anonymous_20)
FNDA:0,(anonymous_21)
FNDA:0,(anonymous_22)
FNDA:0,(anonymous_23)
FNDA:0,(anonymous_27)
FNDA:0,(anonymous_28)
FNDA:0,(anonymous_29)
FNDA:0,(anonymous_31)
DA:1,0
DA:2,0
DA:3,0
DA:4,0
DA:5,0
DA:6,0
DA:18,0
DA:19,0
DA:20,0
DA:21,0
DA:23,0
DA:25,0
DA:33,0
DA:35,0
DA:36,0
DA:37,0
DA:39,0
DA:47,0
DA:49,0
DA:55,0
DA:57,0
DA:58,0
DA:67,0
DA:70,0
DA:71,0
DA:74,0
DA:75,0
DA:76,0
DA:78,0
DA:84,0
DA:85,0
DA:86,0
DA:88,0
DA:118,0
DA:119,0
DA:120,0
DA:126,0
DA:127,0
DA:136,0
DA:137,0
DA:144,0
DA:145,0
DA:146,0
DA:148,0
DA:149,0
DA:151,0
DA:152,0
DA:154,0
DA:158,0
DA:159,0
DA:161,0
DA:162,0
DA:180,0
DA:182,0
DA:187,0
DA:188,0
DA:190,0
DA:191,0
DA:204,0
DA:205,0
DA:206,0
DA:207,0
DA:209,0
LF:63
LH:0
BRDA:19,0,0,0
BRDA:19,0,1,0
BRDA:20,1,0,0
BRDA:20,1,1,0
BRDA:36,2,0,0
BRDA:36,2,1,0
BRDA:55,3,0,0
BRDA:55,3,1,0
BRDA:121,4,0,0
BRDA:121,4,1,0
BRDA:127,5,0,0
BRDA:127,5,1,0
BRDA:127,5,2,0
BRDA:205,6,0,0
BRDA:205,6,1,0
BRDA:205,7,0,0
BRDA:205,7,1,0
BRDA:70,8,0,0
BRDA:70,8,1,0
BRDA:79,9,0,0
BRDA:79,9,1,0
BRDA:85,10,0,0
BRDA:85,10,1,0
BRDA:145,11,0,0
BRDA:145,11,1,0
BRDA:149,12,0,0
BRDA:149,12,1,0
BRDA:158,13,0,0
BRDA:158,13,1,0
BRDA:158,14,0,0
BRDA:158,14,1,0
BRDA:161,15,0,0
BRDA:161,15,1,0
BRDA:161,16,0,0
BRDA:161,16,1,0
BRDA:166,17,0,0
BRDA:166,17,1,0
BRF:37
BRH:0
end_of_record
TN:
SF:G:\project\zlx-build\src\layouts\LoginLayout.js
FNF:0
FNH:0
DA:1,0
DA:2,0
DA:6,0
LF:3
LH:0
BRF:0
BRH:0
end_of_record
TN:
SF:G:\project\zlx-build\src\layouts\PageHeaderLayout.js
FNF:0
FNH:0
DA:1,0
DA:2,0
DA:3,0
DA:4,0
DA:6,0
LF:5
LH:0
BRDA:10,0,0,0
BRDA:10,0,1,0
BRF:2
BRH:0
end_of_record
TN:
SF:G:\project\zlx-build\src\models\example.js
FN:11,asyncRequest
FN:21,changeList
FNF:2
FNH:0
FNDA:0,asyncRequest
FNDA:0,changeList
DA:1,0
DA:11,0
DA:13,0
DA:22,0
DA:23,0
LF:5
LH:0
BRDA:11,0,0,0
BRDA:11,0,1,0
BRDA:11,0,2,0
BRDA:11,0,3,0
BRF:4
BRH:0
end_of_record
TN:
SF:G:\project\zlx-build\src\models\global.js
FN:13,changeLayoutCollapsed
FN:22,setup
FN:24,(anonymous_3)
FNF:3
FNH:0
FNDA:0,changeLayoutCollapsed
FNDA:0,setup
FNDA:0,(anonymous_3)
DA:14,0
DA:15,0
DA:23,0
DA:24,0
DA:25,0
DA:26,0
LF:6
LH:0
BRDA:25,0,0,0
BRDA:25,0,1,0
BRF:2
BRH:0
end_of_record
TN:
SF:G:\project\zlx-build\src\routes\DataSource\index.js
FNF:0
FNH:0
DA:1,0
DA:6,0
LF:2
LH:0
BRF:0
BRH:0
end_of_record
TN:
SF:G:\project\zlx-build\src\routes\Desktop\index.js
FNF:0
FNH:0
DA:1,0
DA:2,0
DA:6,0
LF:3
LH:0
BRF:0
BRH:0
end_of_record
TN:
SF:G:\project\zlx-build\src\routes\Example\example2.js
FNF:0
FNH:0
DA:1,0
DA:5,0
LF:2
LH:0
BRF:0
BRH:0
end_of_record
TN:
SF:G:\project\zlx-build\src\routes\Exception\403.js
FNF:0
FNH:0
DA:1,0
DA:2,0
DA:3,0
DA:5,0
LF:4
LH:0
BRF:0
BRH:0
end_of_record
TN:
SF:G:\project\zlx-build\src\routes\Exception\404.js
FNF:0
FNH:0
DA:1,0
DA:2,0
DA:3,0
DA:5,0
LF:4
LH:0
BRF:0
BRH:0
end_of_record
TN:
SF:G:\project\zlx-build\src\routes\Exception\500.js
FNF:0
FNH:0
DA:1,0
DA:2,0
DA:3,0
DA:5,0
LF:4
LH:0
BRF:0
BRH:0
end_of_record
TN:
SF:G:\project\zlx-build\src\routes\Market\index.js
FNF:0
FNH:0
DA:1,0
DA:5,0
LF:2
LH:0
BRF:0
BRH:0
end_of_record
TN:
SF:G:\project\zlx-build\src\routes\My\index.js
FNF:0
FNH:0
DA:1,0
DA:2,0
DA:6,0
LF:3
LH:0
BRF:0
BRH:0
end_of_record
TN:
SF:G:\project\zlx-build\src\services\example.js
FN:3,getList
FNF:1
FNH:0
FNDA:0,getList
DA:1,0
DA:4,0
LF:2
LH:0
BRF:0
BRH:0
end_of_record
TN:
SF:G:\project\zlx-build\src\utils\Authorized.js
FN:6,reloadAuthorized
FNF:1
FNH:0
FNDA:0,reloadAuthorized
DA:1,0
DA:2,0
DA:4,0
DA:6,0
DA:7,0
LF:5
LH:0
BRF:0
BRH:0
end_of_record
TN:
SF:G:\project\zlx-build\src\utils\authority.js
FN:1,getAuthority
FN:5,setAuthority
FNF:2
FNH:0
FNDA:0,getAuthority
FNDA:0,setAuthority
DA:2,0
DA:6,0
LF:2
LH:0
BRDA:2,0,0,0
BRDA:2,0,1,0
BRF:2
BRH:0
end_of_record
TN:
SF:G:\project\zlx-build\src\utils\request.js
FN:6,parseJSON
FN:10,checkStatus
FN:29,request
FN:39,(anonymous_5)
FNF:4
FNH:0
FNDA:0,parseJSON
FNDA:0,checkStatus
FNDA:0,request
FNDA:0,(anonymous_5)
DA:1,0
DA:2,0
DA:3,0
DA:4,0
DA:7,0
DA:11,0
DA:12,0
DA:14,0
DA:18,0
DA:19,0
DA:20,0
DA:30,0
DA:31,0
DA:32,0
DA:36,0
DA:40,0
DA:41,0
LF:17
LH:0
BRDA:11,0,0,0
BRDA:11,0,1,0
BRDA:11,1,0,0
BRDA:11,1,1,0
BRF:4
BRH:0
end_of_record
TN:
SF:G:\project\zlx-build\src\utils\util.js
FN:7,isPromise
FN:21,getQueryPath
FN:35,getRoutes
FN:37,(anonymous_6)
FN:40,(anonymous_7)
FN:42,(anonymous_8)
FN:43,(anonymous_9)
FN:54,getRelation
FN:60,(anonymous_11)
FN:62,(anonymous_12)
FN:68,getRenderArr
FN:68,_loop
FN:73,(anonymous_15)
FN:75,(anonymous_16)
FN:88,urlToList
FN:89,(anonymous_18)
FN:90,(anonymous_19)
FNF:17
FNH:0
FNDA:0,isPromise
FNDA:0,getQueryPath
FNDA:0,getRoutes
FNDA:0,(anonymous_6)
FNDA:0,(anonymous_7)
FNDA:0,(anonymous_8)
FNDA:0,(anonymous_9)
FNDA:0,getRelation
FNDA:0,(anonymous_11)
FNDA:0,(anonymous_12)
FNDA:0,getRenderArr
FNDA:0,_loop
FNDA:0,(anonymous_15)
FNDA:0,(anonymous_16)
FNDA:0,urlToList
FNDA:0,(anonymous_18)
FNDA:0,(anonymous_19)
DA:1,0
DA:8,0
DA:21,0
DA:22,0
DA:23,0
DA:24,0
DA:26,0
DA:36,0
DA:37,0
DA:40,0
DA:41,0
DA:42,0
DA:43,0
DA:44,0
DA:51,0
DA:55,0
DA:56,0
DA:58,0
DA:59,0
DA:60,0
DA:61,0
DA:62,0
DA:63,0
DA:65,0
DA:68,0
DA:69,0
DA:70,0
DA:71,0
DA:73,0
DA:75,0
DA:76,0
DA:77,0
DA:80,0
DA:89,0
DA:90,0
DA:91,0
LF:36
LH:0
BRDA:9,0,0,0
BRDA:9,0,1,0
BRDA:9,0,2,0
BRDA:9,0,3,0
BRDA:10,1,0,0
BRDA:10,1,1,0
BRDA:21,2,0,0
BRDA:21,2,1,0
BRDA:21,3,0,0
BRDA:21,3,1,0
BRDA:21,4,0,0
BRDA:21,4,1,0
BRDA:21,5,0,0
BRDA:21,5,1,0
BRDA:23,6,0,0
BRDA:23,6,1,0
BRDA:37,7,0,0
BRDA:37,7,1,0
BRDA:43,8,0,0
BRDA:43,8,1,0
BRDA:55,9,0,0
BRDA:55,9,1,0
BRDA:60,10,0,0
BRDA:60,10,1,0
BRDA:62,11,0,0
BRDA:62,11,1,0
BRDA:76,12,0,0
BRDA:76,12,1,0
BRF:28
BRH:0
end_of_record
